<?xml version="1.0" encoding="UTF-8"?>
<testsuites name="BO - Smoke Test" time="181.52" tests="3" failures="1" errors="0">
   <testsuite name="BO - Smoke Test" tests="3" failures="1" errors="0" time="181.52" skipped="0" timestamp="2023-05-16 12:46:01" hostname="WIN10 - FINMX-L12" id="Test Suites/BO - Smoke Test">
      <properties>
         <property name="deviceName" value=""/>
         <property name="devicePlatform" value=""/>
         <property name="logFolder" value="C:\\Users\\WIN10\\Katalon Studio\\og-bo-testing\\Reports\\20230516_124100\\BO - Smoke Test\\20230516_124554"/>
         <property name="logFiles" value="C:\\Users\\WIN10\\Katalon Studio\\og-bo-testing\\Reports\\20230516_124100\\BO - Smoke Test\\20230516_124554\\execution0.log"/>
         <property name="attachments" value=""/>
         <property name="hostName" value="WIN10 - FINMX-L12"/>
         <property name="os" value="Windows 10 64bit"/>
         <property name="katalonVersion" value="8.5.5.208"/>
         <property name="browser" value="Chrome 113.0.0.0"/>
         <property name="hostAddress" value="192.168.0.32"/>
         <property name="sessionId" value="f51967afe55ce264525a20bcf95fa69e"/>
         <property name="seleniumVersion" value="3.141.59"/>
         <property name="proxyInformation" value="ProxyInformation { proxyOption=NO_PROXY, proxyServerType=HTTP, username=, password=********, proxyServerAddress=, proxyServerPort=0, executionList=&quot;&quot;, isApplyToDesiredCapabilities=true }"/>
         <property name="platform" value="Windows 10"/>
      </properties>
      <testcase name="Test Cases/I Test Case (AccountInformation)" time="128.721" classname="Test Cases/I Test Case (AccountInformation)" status="PASSED">
         <system-out><![CDATA[2023-05-16 12:46:01 - [TEST_CASE][PASSED] - Test Cases/I Test Case (AccountInformation): Test Cases/I Test Case (AccountInformation)

2023-05-16 12:46:02 - [TEST_STEP][PASSED] - openBrowser(""): Browser is opened with url: ''

2023-05-16 12:46:02 - [MESSAGE][INFO] - Starting 'Chrome' driver

2023-05-16 12:46:02 - [MESSAGE][INFO] - Action delay is set to 100 milliseconds

2023-05-16 12:46:04 - [MESSAGE][PASSED] - Browser is opened with url: ''

2023-05-16 12:46:04 - [TEST_STEP][PASSED] - navigateToUrl("https://ecommerce-test.softmetrixgroup.com/"): Navigate to 'https://ecommerce-test.softmetrixgroup.com/' successfully

2023-05-16 12:46:06 - [MESSAGE][PASSED] - Navigate to 'https://ecommerce-test.softmetrixgroup.com/' successfully

2023-05-16 12:46:06 - [TEST_STEP][PASSED] - deleteAllCookies(): Delete all cookies successfully

2023-05-16 12:46:06 - [MESSAGE][PASSED] - Delete all cookies successfully

2023-05-16 12:46:06 - [TEST_STEP][PASSED] - maximizeWindow(): Current window maximized

2023-05-16 12:46:07 - [MESSAGE][PASSED] - Current window maximized

2023-05-16 12:46:07 - [TEST_STEP][PASSED] - refresh(): Refresh successfully

2023-05-16 12:46:07 - [MESSAGE][PASSED] - Refresh successfully

2023-05-16 12:46:07 - [TEST_STEP][PASSED] - shopVersion = getText(findTestObject("Footer/shopVersion")): Text of object 'Object Repository/Footer/shopVersion' is: '(1.0.0.110)'

2023-05-16 12:46:11 - [MESSAGE][PASSED] - Text of object 'Object Repository/Footer/shopVersion' is: '(1.0.0.110)'

2023-05-16 12:46:11 - [TEST_STEP][PASSED] - println("Version of origin/test is: " + shopVersion): null

2023-05-16 12:46:11 - [TEST_STEP][PASSED] - click(findTestObject("Footer/divCountryLanguage")): Object: 'Object Repository/Footer/divCountryLanguage' is clicked on

2023-05-16 12:46:14 - [MESSAGE][PASSED] - Object: 'Object Repository/Footer/divCountryLanguage' is clicked on

2023-05-16 12:46:14 - [TEST_STEP][PASSED] - click(findTestObject("CountryLanguage/select_en-PT")): Object: 'Object Repository/CountryLanguage/select_en-PT' is clicked on

2023-05-16 12:46:16 - [MESSAGE][PASSED] - Object: 'Object Repository/CountryLanguage/select_en-PT' is clicked on

2023-05-16 12:46:16 - [TEST_STEP][PASSED] - click(findTestObject("Header/iconGuestProfile")): Object: 'Object Repository/Header/iconGuestProfile' is clicked on

2023-05-16 12:46:17 - [MESSAGE][PASSED] - Object: 'Object Repository/Header/iconGuestProfile' is clicked on

2023-05-16 12:46:17 - [TEST_STEP][PASSED] - click(findTestObject("LoginPage/buttonRegisterNewAccount")): Object: 'Object Repository/LoginPage/buttonRegisterNewAccount' is clicked on

2023-05-16 12:46:20 - [MESSAGE][PASSED] - Object: 'Object Repository/LoginPage/buttonRegisterNewAccount' is clicked on

2023-05-16 12:46:20 - [TEST_STEP][PASSED] - setText(findTestObject("LoginPage/inputFirstName"), "Smoke"): Text 'Smoke' is set on object 'Object Repository/LoginPage/inputFirstName'

2023-05-16 12:46:21 - [MESSAGE][PASSED] - Text 'Smoke' is set on object 'Object Repository/LoginPage/inputFirstName'

2023-05-16 12:46:21 - [TEST_STEP][PASSED] - setText(findTestObject("LoginPage/inputLastName"), "Test"): Text 'Test' is set on object 'Object Repository/LoginPage/inputLastName'

2023-05-16 12:46:22 - [MESSAGE][PASSED] - Text 'Test' is set on object 'Object Repository/LoginPage/inputLastName'

2023-05-16 12:46:22 - [TEST_STEP][PASSED] - randomEmail = Script1680713356350.generateRandomEmail(10): null

2023-05-16 12:46:22 - [TEST_STEP][PASSED] - allowedChars = "abcdefghijklmnopqrstuvwxyz0123456789": null

2023-05-16 12:46:22 - [TEST_STEP][PASSED] - email = new java.lang.StringBuilder(): null

2023-05-16 12:46:22 - [TEST_STEP][PASSED] - random = new java.util.Random(): null

2023-05-16 12:46:22 - [TEST_STEP][PASSED] - for ([i = 0, i < length, (i++)]): null

2023-05-16 12:46:22 - [TEST_STEP][PASSED] - email.append(allowedChars.charAt(random.nextInt(allowedChars.length()))): null

2023-05-16 12:46:22 - [TEST_STEP][PASSED] - email.append(allowedChars.charAt(random.nextInt(allowedChars.length()))): null

2023-05-16 12:46:22 - [TEST_STEP][PASSED] - email.append(allowedChars.charAt(random.nextInt(allowedChars.length()))): null

2023-05-16 12:46:22 - [TEST_STEP][PASSED] - email.append(allowedChars.charAt(random.nextInt(allowedChars.length()))): null

2023-05-16 12:46:22 - [TEST_STEP][PASSED] - email.append(allowedChars.charAt(random.nextInt(allowedChars.length()))): null

2023-05-16 12:46:22 - [TEST_STEP][PASSED] - email.append(allowedChars.charAt(random.nextInt(allowedChars.length()))): null

2023-05-16 12:46:22 - [TEST_STEP][PASSED] - email.append(allowedChars.charAt(random.nextInt(allowedChars.length()))): null

2023-05-16 12:46:22 - [TEST_STEP][PASSED] - email.append(allowedChars.charAt(random.nextInt(allowedChars.length()))): null

2023-05-16 12:46:22 - [TEST_STEP][PASSED] - email.append(allowedChars.charAt(random.nextInt(allowedChars.length()))): null

2023-05-16 12:46:22 - [TEST_STEP][PASSED] - email.append(allowedChars.charAt(random.nextInt(allowedChars.length()))): null

2023-05-16 12:46:22 - [TEST_STEP][PASSED] - email.append("@gmail.com"): null

2023-05-16 12:46:22 - [TEST_STEP][PASSED] - return email.toString(): null

2023-05-16 12:46:22 - [TEST_STEP][PASSED] - println(randomEmail): null

2023-05-16 12:46:22 - [TEST_STEP][PASSED] - setText(findTestObject("LoginPage/inputEmailRegister"), randomEmail): Text '2ka14r81yd@gmail.com' is set on object 'Object Repository/LoginPage/inputEmailRegister'

2023-05-16 12:46:23 - [MESSAGE][PASSED] - Text '2ka14r81yd@gmail.com' is set on object 'Object Repository/LoginPage/inputEmailRegister'

2023-05-16 12:46:23 - [TEST_STEP][PASSED] - password = "SmokeTest123@": null

2023-05-16 12:46:23 - [TEST_STEP][PASSED] - newPassword = "Test123@": null

2023-05-16 12:46:23 - [TEST_STEP][PASSED] - setText(findTestObject("LoginPage/inputPasswordRegister"), password): Text 'SmokeTest123@' is set on object 'Object Repository/LoginPage/inputPasswordRegister'

2023-05-16 12:46:24 - [MESSAGE][PASSED] - Text 'SmokeTest123@' is set on object 'Object Repository/LoginPage/inputPasswordRegister'

2023-05-16 12:46:24 - [TEST_STEP][PASSED] - setText(findTestObject("LoginPage/inputConfirmPasswordRegister"), password): Text 'SmokeTest123@' is set on object 'Object Repository/LoginPage/inputConfirmPasswordRegister'

2023-05-16 12:46:26 - [MESSAGE][PASSED] - Text 'SmokeTest123@' is set on object 'Object Repository/LoginPage/inputConfirmPasswordRegister'

2023-05-16 12:46:26 - [TEST_STEP][PASSED] - click(findTestObject("LoginPage/inputEmailRegister")): Object: 'Object Repository/LoginPage/inputEmailRegister' is clicked on

2023-05-16 12:46:26 - [MESSAGE][PASSED] - Object: 'Object Repository/LoginPage/inputEmailRegister' is clicked on

2023-05-16 12:46:26 - [TEST_STEP][PASSED] - click(findTestObject("LoginPage/svgShowPasswordLogin")): Object: 'Object Repository/LoginPage/svgShowPasswordLogin' is clicked on

2023-05-16 12:46:27 - [MESSAGE][PASSED] - Object: 'Object Repository/LoginPage/svgShowPasswordLogin' is clicked on

2023-05-16 12:46:27 - [TEST_STEP][PASSED] - click(findTestObject("LoginPage/svgShowConfirmPasswordRegister")): Object: 'Object Repository/LoginPage/svgShowConfirmPasswordRegister' is clicked on

2023-05-16 12:46:27 - [MESSAGE][PASSED] - Object: 'Object Repository/LoginPage/svgShowConfirmPasswordRegister' is clicked on

2023-05-16 12:46:27 - [TEST_STEP][PASSED] - click(findTestObject("LoginPage/buttonCreateAnAccount")): Object: 'Object Repository/LoginPage/buttonCreateAnAccount' is clicked on

2023-05-16 12:46:30 - [MESSAGE][PASSED] - Object: 'Object Repository/LoginPage/buttonCreateAnAccount' is clicked on

2023-05-16 12:46:30 - [TEST_STEP][PASSED] - randomEmail2 = Script1680713356350.generateRandomEmail(10): null

2023-05-16 12:46:30 - [TEST_STEP][PASSED] - allowedChars = "abcdefghijklmnopqrstuvwxyz0123456789": null

2023-05-16 12:46:30 - [TEST_STEP][PASSED] - email = new java.lang.StringBuilder(): null

2023-05-16 12:46:30 - [TEST_STEP][PASSED] - random = new java.util.Random(): null

2023-05-16 12:46:30 - [TEST_STEP][PASSED] - for ([i = 0, i < length, (i++)]): null

2023-05-16 12:46:30 - [TEST_STEP][PASSED] - email.append(allowedChars.charAt(random.nextInt(allowedChars.length()))): null

2023-05-16 12:46:30 - [TEST_STEP][PASSED] - email.append(allowedChars.charAt(random.nextInt(allowedChars.length()))): null

2023-05-16 12:46:30 - [TEST_STEP][PASSED] - email.append(allowedChars.charAt(random.nextInt(allowedChars.length()))): null

2023-05-16 12:46:30 - [TEST_STEP][PASSED] - email.append(allowedChars.charAt(random.nextInt(allowedChars.length()))): null

2023-05-16 12:46:30 - [TEST_STEP][PASSED] - email.append(allowedChars.charAt(random.nextInt(allowedChars.length()))): null

2023-05-16 12:46:30 - [TEST_STEP][PASSED] - email.append(allowedChars.charAt(random.nextInt(allowedChars.length()))): null

2023-05-16 12:46:30 - [TEST_STEP][PASSED] - email.append(allowedChars.charAt(random.nextInt(allowedChars.length()))): null

2023-05-16 12:46:30 - [TEST_STEP][PASSED] - email.append(allowedChars.charAt(random.nextInt(allowedChars.length()))): null

2023-05-16 12:46:30 - [TEST_STEP][PASSED] - email.append(allowedChars.charAt(random.nextInt(allowedChars.length()))): null

2023-05-16 12:46:30 - [TEST_STEP][PASSED] - email.append(allowedChars.charAt(random.nextInt(allowedChars.length()))): null

2023-05-16 12:46:30 - [TEST_STEP][PASSED] - email.append("@gmail.com"): null

2023-05-16 12:46:30 - [TEST_STEP][PASSED] - return email.toString(): null

2023-05-16 12:46:30 - [TEST_STEP][PASSED] - println("Generated new mail: " + randomEmail2): null

2023-05-16 12:46:30 - [TEST_STEP][PASSED] - isPresentAllertWindowRegistration = waitForAlert(5): No alert found after 5 second(s).

2023-05-16 12:46:36 - [MESSAGE][WARNING] - No alert found after 5 second(s).

2023-05-16 12:46:36 - [TEST_STEP][PASSED] - if (isPresentAllertWindowRegistration == true): null

2023-05-16 12:46:36 - [TEST_STEP][PASSED] - else: null

2023-05-16 12:46:36 - [TEST_STEP][PASSED] - println("Alert window is not present. Email does not exist"): null

2023-05-16 12:46:36 - [TEST_STEP][PASSED] - delay(3): Delayed 3 second(s)

2023-05-16 12:46:39 - [MESSAGE][PASSED] - Delayed 3 second(s)

2023-05-16 12:46:39 - [TEST_STEP][PASSED] - click(findTestObject("Header/iconUserProfile")): Object: 'Object Repository/Header/iconUserProfile' is clicked on

2023-05-16 12:46:40 - [MESSAGE][PASSED] - Object: 'Object Repository/Header/iconUserProfile' is clicked on

2023-05-16 12:46:40 - [TEST_STEP][PASSED] - click(findTestObject("Header/divAccountInformationBO")): Object: 'Object Repository/Header/divAccountInformationBO' is clicked on

2023-05-16 12:46:41 - [MESSAGE][PASSED] - Object: 'Object Repository/Header/divAccountInformationBO' is clicked on

2023-05-16 12:46:41 - [TEST_STEP][PASSED] - click(findTestObject("BackOffice/divViewMyOrdersPage")): Object: 'Object Repository/BackOffice/divViewMyOrdersPage' is clicked on

2023-05-16 12:46:42 - [MESSAGE][PASSED] - Object: 'Object Repository/BackOffice/divViewMyOrdersPage' is clicked on

2023-05-16 12:46:42 - [TEST_STEP][PASSED] - click(findTestObject("BackOffice/divViewPaymentsPage")): Object: 'Object Repository/BackOffice/divViewPaymentsPage' is clicked on

2023-05-16 12:46:44 - [MESSAGE][PASSED] - Object: 'Object Repository/BackOffice/divViewPaymentsPage' is clicked on

2023-05-16 12:46:44 - [TEST_STEP][PASSED] - click(findTestObject("BackOffice/divAutoshipPage")): Object: 'Object Repository/BackOffice/divAutoshipPage' is clicked on

2023-05-16 12:46:45 - [MESSAGE][PASSED] - Object: 'Object Repository/BackOffice/divAutoshipPage' is clicked on

2023-05-16 12:46:45 - [TEST_STEP][PASSED] - click(findTestObject("BackOffice/divPrivacyCommunicationPage")): Object: 'Object Repository/BackOffice/divPrivacyCommunicationPage' is clicked on

2023-05-16 12:46:46 - [MESSAGE][PASSED] - Object: 'Object Repository/BackOffice/divPrivacyCommunicationPage' is clicked on

2023-05-16 12:46:46 - [TEST_STEP][PASSED] - click(findTestObject("BackOffice/divAccountInformationPage")): Object: 'Object Repository/BackOffice/divAccountInformationPage' is clicked on

2023-05-16 12:46:47 - [MESSAGE][PASSED] - Object: 'Object Repository/BackOffice/divAccountInformationPage' is clicked on

2023-05-16 12:46:47 - [TEST_STEP][PASSED] - click(findTestObject("BackOffice/AccountInformation/pAddressInformationLabel")): Object: 'Object Repository/BackOffice/AccountInformation/pAddressInformationLabel' is clicked on

2023-05-16 12:46:48 - [MESSAGE][PASSED] - Object: 'Object Repository/BackOffice/AccountInformation/pAddressInformationLabel' is clicked on

2023-05-16 12:46:48 - [TEST_STEP][PASSED] - click(findTestObject("BackOffice/AccountInformation/AddressInformation/pAddNewAddress")): Object: 'Object Repository/BackOffice/AccountInformation/AddressInformation/pAddNewAddress' is clicked on

2023-05-16 12:46:49 - [MESSAGE][PASSED] - Object: 'Object Repository/BackOffice/AccountInformation/AddressInformation/pAddNewAddress' is clicked on

2023-05-16 12:46:49 - [TEST_STEP][PASSED] - setText(findTestObject("BackOffice/AccountInformation/AddressInformation/inputAddressTitle"), "test address"): Text 'test address' is set on object 'Object Repository/BackOffice/AccountInformation/AddressInformation/inputAddressTitle'

2023-05-16 12:46:50 - [MESSAGE][PASSED] - Text 'test address' is set on object 'Object Repository/BackOffice/AccountInformation/AddressInformation/inputAddressTitle'

2023-05-16 12:46:50 - [TEST_STEP][PASSED] - setText(findTestObject("BackOffice/AccountInformation/AddressInformation/inputFirstName"), "smoke"): Text 'smoke' is set on object 'Object Repository/BackOffice/AccountInformation/AddressInformation/inputFirstName'

2023-05-16 12:46:51 - [MESSAGE][PASSED] - Text 'smoke' is set on object 'Object Repository/BackOffice/AccountInformation/AddressInformation/inputFirstName'

2023-05-16 12:46:51 - [TEST_STEP][PASSED] - setText(findTestObject("BackOffice/AccountInformation/AddressInformation/inputLastName"), "test"): Text 'test' is set on object 'Object Repository/BackOffice/AccountInformation/AddressInformation/inputLastName'

2023-05-16 12:46:52 - [MESSAGE][PASSED] - Text 'test' is set on object 'Object Repository/BackOffice/AccountInformation/AddressInformation/inputLastName'

2023-05-16 12:46:52 - [TEST_STEP][PASSED] - setText(findTestObject("BackOffice/AccountInformation/AddressInformation/inputPhoneNumber"), "305 345 345"): Text '305 345 345' is set on object 'Object Repository/BackOffice/AccountInformation/AddressInformation/inputPhoneNumber'

2023-05-16 12:46:53 - [MESSAGE][PASSED] - Text '305 345 345' is set on object 'Object Repository/BackOffice/AccountInformation/AddressInformation/inputPhoneNumber'

2023-05-16 12:46:53 - [TEST_STEP][PASSED] - setText(findTestObject("BackOffice/AccountInformation/AddressInformation/inputStreetAddress"), "test1"): Text 'test1' is set on object 'Object Repository/BackOffice/AccountInformation/AddressInformation/inputStreetAddress'

2023-05-16 12:46:54 - [MESSAGE][PASSED] - Text 'test1' is set on object 'Object Repository/BackOffice/AccountInformation/AddressInformation/inputStreetAddress'

2023-05-16 12:46:54 - [TEST_STEP][PASSED] - setText(findTestObject("BackOffice/AccountInformation/AddressInformation/inputApartment"), "1"): Text '1' is set on object 'Object Repository/BackOffice/AccountInformation/AddressInformation/inputApartment'

2023-05-16 12:46:55 - [MESSAGE][PASSED] - Text '1' is set on object 'Object Repository/BackOffice/AccountInformation/AddressInformation/inputApartment'

2023-05-16 12:46:55 - [TEST_STEP][PASSED] - click(findTestObject("BackOffice/AccountInformation/AddressInformation/divCountryDropdown")): Object: 'Object Repository/BackOffice/AccountInformation/AddressInformation/divCountryDropdown' is clicked on

2023-05-16 12:46:57 - [MESSAGE][PASSED] - Object: 'Object Repository/BackOffice/AccountInformation/AddressInformation/divCountryDropdown' is clicked on

2023-05-16 12:46:57 - [TEST_STEP][PASSED] - click(findTestObject("BackOffice/AccountInformation/AddressInformation/divPortugalSelectCountry")): Object: 'Object Repository/BackOffice/AccountInformation/AddressInformation/divPortugalSelectCountry' is clicked on

2023-05-16 12:46:58 - [MESSAGE][PASSED] - Object: 'Object Repository/BackOffice/AccountInformation/AddressInformation/divPortugalSelectCountry' is clicked on

2023-05-16 12:46:58 - [TEST_STEP][PASSED] - click(findTestObject("BackOffice/AccountInformation/AddressInformation/divSelectStateDropdown")): Object: 'Object Repository/BackOffice/AccountInformation/AddressInformation/divSelectStateDropdown' is clicked on

2023-05-16 12:46:59 - [MESSAGE][PASSED] - Object: 'Object Repository/BackOffice/AccountInformation/AddressInformation/divSelectStateDropdown' is clicked on

2023-05-16 12:46:59 - [TEST_STEP][PASSED] - click(findTestObject("BackOffice/AccountInformation/AddressInformation/div1SelectState")): Object: 'Object Repository/BackOffice/AccountInformation/AddressInformation/div1SelectState' is clicked on

2023-05-16 12:47:00 - [MESSAGE][PASSED] - Object: 'Object Repository/BackOffice/AccountInformation/AddressInformation/div1SelectState' is clicked on

2023-05-16 12:47:00 - [TEST_STEP][PASSED] - setText(findTestObject("BackOffice/AccountInformation/AddressInformation/inputCity"), "Lisboa"): Text 'Lisboa' is set on object 'Object Repository/BackOffice/AccountInformation/AddressInformation/inputCity'

2023-05-16 12:47:01 - [MESSAGE][PASSED] - Text 'Lisboa' is set on object 'Object Repository/BackOffice/AccountInformation/AddressInformation/inputCity'

2023-05-16 12:47:01 - [TEST_STEP][PASSED] - setText(findTestObject("BackOffice/AccountInformation/AddressInformation/inputZipOrPostalCode"), "5000"): Text '5000' is set on object 'Object Repository/BackOffice/AccountInformation/AddressInformation/inputZipOrPostalCode'

2023-05-16 12:47:02 - [MESSAGE][PASSED] - Text '5000' is set on object 'Object Repository/BackOffice/AccountInformation/AddressInformation/inputZipOrPostalCode'

2023-05-16 12:47:02 - [TEST_STEP][PASSED] - click(findTestObject("BackOffice/AccountInformation/AddressInformation/buttonSave")): Object: 'Object Repository/BackOffice/AccountInformation/AddressInformation/buttonSave' is clicked on

2023-05-16 12:47:05 - [MESSAGE][PASSED] - Object: 'Object Repository/BackOffice/AccountInformation/AddressInformation/buttonSave' is clicked on

2023-05-16 12:47:05 - [TEST_STEP][PASSED] - verifyElementVisible(findTestObject("BackOffice/AccountInformation/AddressInformation/assertAddressTitle"), STOP_ON_FAILURE): Object 'Object Repository/BackOffice/AccountInformation/AddressInformation/assertAddressTitle' is visible

2023-05-16 12:47:10 - [MESSAGE][PASSED] - Object 'Object Repository/BackOffice/AccountInformation/AddressInformation/assertAddressTitle' is visible

2023-05-16 12:47:10 - [TEST_STEP][PASSED] - click(findTestObject("BackOffice/AccountInformation/pAccountInformationLabel")): Object: 'Object Repository/BackOffice/AccountInformation/pAccountInformationLabel' is clicked on

2023-05-16 12:47:12 - [MESSAGE][PASSED] - Object: 'Object Repository/BackOffice/AccountInformation/pAccountInformationLabel' is clicked on

2023-05-16 12:47:12 - [TEST_STEP][PASSED] - click(findTestObject("BackOffice/AccountInformation/AccountInformation/pUpdatePassword")): Object: 'Object Repository/BackOffice/AccountInformation/AccountInformation/pUpdatePassword' is clicked on

2023-05-16 12:47:13 - [MESSAGE][PASSED] - Object: 'Object Repository/BackOffice/AccountInformation/AccountInformation/pUpdatePassword' is clicked on

2023-05-16 12:47:13 - [TEST_STEP][PASSED] - setText(findTestObject("BackOffice/AccountInformation/AccountInformation/inputEnterOldPassword"), password): Text 'SmokeTest123@' is set on object 'Object Repository/BackOffice/AccountInformation/AccountInformation/inputEnterOldPassword'

2023-05-16 12:47:14 - [MESSAGE][PASSED] - Text 'SmokeTest123@' is set on object 'Object Repository/BackOffice/AccountInformation/AccountInformation/inputEnterOldPassword'

2023-05-16 12:47:14 - [TEST_STEP][PASSED] - setText(findTestObject("BackOffice/AccountInformation/AccountInformation/inputEnterNewPassword"), newPassword): Text 'Test123@' is set on object 'Object Repository/BackOffice/AccountInformation/AccountInformation/inputEnterNewPassword'

2023-05-16 12:47:15 - [MESSAGE][PASSED] - Text 'Test123@' is set on object 'Object Repository/BackOffice/AccountInformation/AccountInformation/inputEnterNewPassword'

2023-05-16 12:47:15 - [TEST_STEP][PASSED] - setText(findTestObject("BackOffice/AccountInformation/AccountInformation/inputReEnterNewPassword"), newPassword): Text 'Test123@' is set on object 'Object Repository/BackOffice/AccountInformation/AccountInformation/inputReEnterNewPassword'

2023-05-16 12:47:16 - [MESSAGE][PASSED] - Text 'Test123@' is set on object 'Object Repository/BackOffice/AccountInformation/AccountInformation/inputReEnterNewPassword'

2023-05-16 12:47:16 - [TEST_STEP][PASSED] - click(findTestObject("BackOffice/AccountInformation/AccountInformation/buttonSave")): Object: 'Object Repository/BackOffice/AccountInformation/AccountInformation/buttonSave' is clicked on

2023-05-16 12:47:19 - [MESSAGE][PASSED] - Object: 'Object Repository/BackOffice/AccountInformation/AccountInformation/buttonSave' is clicked on

2023-05-16 12:47:19 - [TEST_STEP][PASSED] - delay(3): Delayed 3 second(s)

2023-05-16 12:47:22 - [MESSAGE][PASSED] - Delayed 3 second(s)

2023-05-16 12:47:22 - [TEST_STEP][PASSED] - click(findTestObject("BackOffice/AccountInformation/AccountInformation/buttonAddMobilePhone")): Object: 'Object Repository/BackOffice/AccountInformation/AccountInformation/buttonAddMobilePhone' is clicked on

2023-05-16 12:47:22 - [MESSAGE][PASSED] - Object: 'Object Repository/BackOffice/AccountInformation/AccountInformation/buttonAddMobilePhone' is clicked on

2023-05-16 12:47:22 - [TEST_STEP][PASSED] - delay(3): Delayed 3 second(s)

2023-05-16 12:47:25 - [MESSAGE][PASSED] - Delayed 3 second(s)

2023-05-16 12:47:25 - [TEST_STEP][PASSED] - setText(findTestObject("BackOffice/AccountInformation/AccountInformation/inputMobilePhoneNumber"), "305 345 345"): Text '305 345 345' is set on object 'Object Repository/BackOffice/AccountInformation/AccountInformation/inputMobilePhoneNumber'

2023-05-16 12:47:26 - [MESSAGE][PASSED] - Text '305 345 345' is set on object 'Object Repository/BackOffice/AccountInformation/AccountInformation/inputMobilePhoneNumber'

2023-05-16 12:47:26 - [TEST_STEP][PASSED] - click(findTestObject("BackOffice/AccountInformation/AccountInformation/buttonSave")): Object: 'Object Repository/BackOffice/AccountInformation/AccountInformation/buttonSave' is clicked on

2023-05-16 12:47:29 - [MESSAGE][PASSED] - Object: 'Object Repository/BackOffice/AccountInformation/AccountInformation/buttonSave' is clicked on

2023-05-16 12:47:29 - [TEST_STEP][PASSED] - verifyElementVisible(findTestObject("BackOffice/AccountInformation/AddressInformation/assertPhoneNumber")): Object 'Object Repository/BackOffice/AccountInformation/AddressInformation/assertPhoneNumber' is visible

2023-05-16 12:47:32 - [MESSAGE][PASSED] - Object 'Object Repository/BackOffice/AccountInformation/AddressInformation/assertPhoneNumber' is visible

2023-05-16 12:47:32 - [TEST_STEP][PASSED] - click(findTestObject("BackOffice/AccountInformation/AccountInformation/buttonRemoveMobilePhoneNumber")): Object: 'Object Repository/BackOffice/AccountInformation/AccountInformation/buttonRemoveMobilePhoneNumber' is clicked on

2023-05-16 12:47:32 - [MESSAGE][PASSED] - Object: 'Object Repository/BackOffice/AccountInformation/AccountInformation/buttonRemoveMobilePhoneNumber' is clicked on

2023-05-16 12:47:32 - [TEST_STEP][PASSED] - click(findTestObject("BackOffice/AccountInformation/AccountInformation/buttonAcceptRemovePhoneNumber")): Object: 'Object Repository/BackOffice/AccountInformation/AccountInformation/buttonAcceptRemovePhoneNumber' is clicked on

2023-05-16 12:47:33 - [MESSAGE][PASSED] - Object: 'Object Repository/BackOffice/AccountInformation/AccountInformation/buttonAcceptRemovePhoneNumber' is clicked on

2023-05-16 12:47:33 - [TEST_STEP][PASSED] - click(findTestObject("Header/iconUserProfile")): Object: 'Object Repository/Header/iconUserProfile' is clicked on

2023-05-16 12:47:37 - [MESSAGE][PASSED] - Object: 'Object Repository/Header/iconUserProfile' is clicked on

2023-05-16 12:47:37 - [TEST_STEP][PASSED] - click(findTestObject("Header/pLogOut")): Object: 'Object Repository/Header/pLogOut' is clicked on

2023-05-16 12:47:38 - [MESSAGE][PASSED] - Object: 'Object Repository/Header/pLogOut' is clicked on

2023-05-16 12:47:38 - [TEST_STEP][PASSED] - click(findTestObject("Header/iconGuestProfile")): Object: 'Object Repository/Header/iconGuestProfile' is clicked on

2023-05-16 12:47:40 - [MESSAGE][PASSED] - Object: 'Object Repository/Header/iconGuestProfile' is clicked on

2023-05-16 12:47:40 - [TEST_STEP][PASSED] - if (isPresentAllertWindowRegistration == true): null

2023-05-16 12:47:40 - [TEST_STEP][PASSED] - else: Text '2ka14r81yd@gmail.com' is set on object 'Object Repository/LoginPage/inputEmailLogin'

2023-05-16 12:47:40 - [TEST_STEP][PASSED] - setText(findTestObject("LoginPage/inputEmailLogin"), randomEmail): Text '2ka14r81yd@gmail.com' is set on object 'Object Repository/LoginPage/inputEmailLogin'

2023-05-16 12:47:41 - [MESSAGE][PASSED] - Text '2ka14r81yd@gmail.com' is set on object 'Object Repository/LoginPage/inputEmailLogin'

2023-05-16 12:47:41 - [TEST_STEP][PASSED] - setText(findTestObject("LoginPage/inputPasswordLogin"), newPassword): Text 'Test123@' is set on object 'Object Repository/LoginPage/inputPasswordLogin'

2023-05-16 12:47:42 - [MESSAGE][PASSED] - Text 'Test123@' is set on object 'Object Repository/LoginPage/inputPasswordLogin'

2023-05-16 12:47:42 - [TEST_STEP][PASSED] - click(findTestObject("LoginPage/svgShowPasswordLogin")): Object: 'Object Repository/LoginPage/svgShowPasswordLogin' is clicked on

2023-05-16 12:47:43 - [MESSAGE][PASSED] - Object: 'Object Repository/LoginPage/svgShowPasswordLogin' is clicked on

2023-05-16 12:47:43 - [TEST_STEP][PASSED] - click(findTestObject("LoginPage/buttonSignIn")): Object: 'Object Repository/LoginPage/buttonSignIn' is clicked on

2023-05-16 12:47:43 - [MESSAGE][PASSED] - Object: 'Object Repository/LoginPage/buttonSignIn' is clicked on

2023-05-16 12:47:43 - [TEST_STEP][PASSED] - delay(5): Delayed 5 second(s)

2023-05-16 12:47:48 - [MESSAGE][PASSED] - Delayed 5 second(s)

2023-05-16 12:47:48 - [TEST_STEP][PASSED] - click(findTestObject("Header/iconUserProfile")): Object: 'Object Repository/Header/iconUserProfile' is clicked on

2023-05-16 12:47:49 - [MESSAGE][PASSED] - Object: 'Object Repository/Header/iconUserProfile' is clicked on

2023-05-16 12:47:49 - [TEST_STEP][PASSED] - click(findTestObject("Header/divAccountInformationBO")): Object: 'Object Repository/Header/divAccountInformationBO' is clicked on

2023-05-16 12:47:50 - [MESSAGE][PASSED] - Object: 'Object Repository/Header/divAccountInformationBO' is clicked on

2023-05-16 12:47:50 - [TEST_STEP][PASSED] - click(findTestObject("BackOffice/AccountInformation/pAccountInformationLabel")): Object: 'Object Repository/BackOffice/AccountInformation/pAccountInformationLabel' is clicked on

2023-05-16 12:47:50 - [MESSAGE][PASSED] - Object: 'Object Repository/BackOffice/AccountInformation/pAccountInformationLabel' is clicked on

2023-05-16 12:47:50 - [TEST_STEP][PASSED] - click(findTestObject("BackOffice/AccountInformation/AccountInformation/pUpdatePassword")): Object: 'Object Repository/BackOffice/AccountInformation/AccountInformation/pUpdatePassword' is clicked on

2023-05-16 12:47:53 - [MESSAGE][PASSED] - Object: 'Object Repository/BackOffice/AccountInformation/AccountInformation/pUpdatePassword' is clicked on

2023-05-16 12:47:53 - [TEST_STEP][PASSED] - setText(findTestObject("BackOffice/AccountInformation/AccountInformation/inputEnterOldPassword"), newPassword): Text 'Test123@' is set on object 'Object Repository/BackOffice/AccountInformation/AccountInformation/inputEnterOldPassword'

2023-05-16 12:47:54 - [MESSAGE][PASSED] - Text 'Test123@' is set on object 'Object Repository/BackOffice/AccountInformation/AccountInformation/inputEnterOldPassword'

2023-05-16 12:47:54 - [TEST_STEP][PASSED] - setText(findTestObject("BackOffice/AccountInformation/AccountInformation/inputEnterNewPassword"), password): Text 'SmokeTest123@' is set on object 'Object Repository/BackOffice/AccountInformation/AccountInformation/inputEnterNewPassword'

2023-05-16 12:47:55 - [MESSAGE][PASSED] - Text 'SmokeTest123@' is set on object 'Object Repository/BackOffice/AccountInformation/AccountInformation/inputEnterNewPassword'

2023-05-16 12:47:55 - [TEST_STEP][PASSED] - setText(findTestObject("BackOffice/AccountInformation/AccountInformation/inputReEnterNewPassword"), password): Text 'SmokeTest123@' is set on object 'Object Repository/BackOffice/AccountInformation/AccountInformation/inputReEnterNewPassword'

2023-05-16 12:47:56 - [MESSAGE][PASSED] - Text 'SmokeTest123@' is set on object 'Object Repository/BackOffice/AccountInformation/AccountInformation/inputReEnterNewPassword'

2023-05-16 12:47:56 - [TEST_STEP][PASSED] - click(findTestObject("BackOffice/AccountInformation/AccountInformation/buttonSave")): Object: 'Object Repository/BackOffice/AccountInformation/AccountInformation/buttonSave' is clicked on

2023-05-16 12:47:59 - [MESSAGE][PASSED] - Object: 'Object Repository/BackOffice/AccountInformation/AccountInformation/buttonSave' is clicked on

2023-05-16 12:47:59 - [TEST_STEP][PASSED] - click(findTestObject("Header/iconUserProfile")): Object: 'Object Repository/Header/iconUserProfile' is clicked on

2023-05-16 12:48:04 - [MESSAGE][PASSED] - Object: 'Object Repository/Header/iconUserProfile' is clicked on

2023-05-16 12:48:04 - [TEST_STEP][PASSED] - click(findTestObject("Header/pLogOut")): Object: 'Object Repository/Header/pLogOut' is clicked on

2023-05-16 12:48:05 - [MESSAGE][PASSED] - Object: 'Object Repository/Header/pLogOut' is clicked on

2023-05-16 12:48:05 - [TEST_STEP][PASSED] - verifyElementVisible(findTestObject("Header/iconGuestProfile"), STOP_ON_FAILURE): Object 'Object Repository/Header/iconGuestProfile' is visible

2023-05-16 12:48:07 - [MESSAGE][PASSED] - Object 'Object Repository/Header/iconGuestProfile' is visible

2023-05-16 12:48:07 - [TEST_STEP][PASSED] - Start listener action : terminateRunningWebDrivers: null

2023-05-16 12:48:07 - [TEST_STEP][PASSED] - cleanup(): null

2023-05-16 12:48:10 - [TEST_STEP][PASSED] - Video: Video recording for test case 'Test Cases/I Test Case (AccountInformation)' .

2023-05-16 12:48:10 - [MESSAGE][INFO] - Video recording for test case 'Test Cases/I Test Case (AccountInformation)' .]]></system-out>
         <system-err><![CDATA[]]></system-err>
      </testcase>
      <testcase name="Test Cases/II Test Case (View My Orders)" time="7.569" classname="Test Cases/II Test Case (View My Orders)" status="FAILED">
         <failure type="FAILED" message="Test Cases/II Test Case (View My Orders) FAILED.
Reason:
com.kms.katalon.core.exception.StepFailedException: Unable to open browser with url: ''
	at com.kms.katalon.core.webui.keyword.internal.WebUIKeywordMain.stepFailed(WebUIKeywordMain.groovy:64)
	at com.kms.katalon.core.webui.keyword.internal.WebUIKeywordMain.runKeyword(WebUIKeywordMain.groovy:26)
	at com.kms.katalon.core.webui.keyword.builtin.OpenBrowserKeyword.openBrowser(OpenBrowserKeyword.groovy:81)
	at com.kms.katalon.core.webui.keyword.builtin.OpenBrowserKeyword.execute(OpenBrowserKeyword.groovy:67)
	at com.kms.katalon.core.keyword.internal.KeywordExecutor.executeKeywordForPlatform(KeywordExecutor.groovy:74)
	at com.kms.katalon.core.webui.keyword.WebUiBuiltInKeywords.openBrowser(WebUiBuiltInKeywords.groovy:64)
	at com.kms.katalon.core.webui.keyword.WebUiBuiltInKeywords$openBrowser.call(Unknown Source)
	at II Test Case (View My Orders).run(II Test Case (View My Orders):20)
	at com.kms.katalon.core.main.ScriptEngine.run(ScriptEngine.java:194)
	at com.kms.katalon.core.main.ScriptEngine.runScriptAsRawText(ScriptEngine.java:119)
	at com.kms.katalon.core.main.TestCaseExecutor.runScript(TestCaseExecutor.java:448)
	at com.kms.katalon.core.main.TestCaseExecutor.doExecute(TestCaseExecutor.java:439)
	at com.kms.katalon.core.main.TestCaseExecutor.processExecutionPhase(TestCaseExecutor.java:418)
	at com.kms.katalon.core.main.TestCaseExecutor.accessMainPhase(TestCaseExecutor.java:410)
	at com.kms.katalon.core.main.TestCaseExecutor.execute(TestCaseExecutor.java:285)
	at com.kms.katalon.core.common.CommonExecutor.accessTestCaseMainPhase(CommonExecutor.java:65)
	at com.kms.katalon.core.main.TestSuiteExecutor.accessTestSuiteMainPhase(TestSuiteExecutor.java:151)
	at com.kms.katalon.core.main.TestSuiteExecutor.execute(TestSuiteExecutor.java:106)
	at com.kms.katalon.core.main.TestCaseMain.startTestSuite(TestCaseMain.java:185)
	at com.kms.katalon.core.main.TestCaseMain$startTestSuite$0.call(Unknown Source)
	at TempTestSuite1684233954363.run(TempTestSuite1684233954363.groovy:36)
Caused by: org.openqa.selenium.WebDriverException: java.net.ConnectException: Failed to connect to localhost/0:0:0:0:0:0:0:1:48982
Build info: version: '3.141.59', revision: 'e82be7d358', time: '2018-11-14T08:25:53'
System info: host: 'FINMX-L12', ip: '192.168.0.32', os.name: 'Windows 10', os.arch: 'amd64', os.version: '10.0', java.version: '1.8.0_282'
Driver info: driver.version: EventFiringWebDriver
	at org.openqa.selenium.remote.service.DriverCommandExecutor.execute(DriverCommandExecutor.java:92)
	at org.openqa.selenium.remote.RemoteWebDriver.execute(RemoteWebDriver.java:552)
	at com.kms.katalon.selenium.driver.CChromeDriver.execute(CChromeDriver.java:19)
	at org.openqa.selenium.remote.RemoteWebDriver.execute(RemoteWebDriver.java:609)
	at org.openqa.selenium.remote.RemoteWebDriver.quit(RemoteWebDriver.java:452)
	at org.openqa.selenium.support.events.EventFiringWebDriver.lambda$new$1(EventFiringWebDriver.java:105)
	at com.sun.proxy.$Proxy12.quit(Unknown Source)
	at org.openqa.selenium.support.events.EventFiringWebDriver.quit(EventFiringWebDriver.java:211)
	at com.kms.katalon.core.webui.driver.DriverFactory.closeWebDriver(DriverFactory.java:1501)
	at com.kms.katalon.core.webui.driver.DriverFactory.startNewBrowser(DriverFactory.java:343)
	at com.kms.katalon.core.webui.driver.DriverFactory.openWebDriver(DriverFactory.java:254)
	at com.kms.katalon.core.webui.keyword.builtin.OpenBrowserKeyword$_openBrowser_closure1.doCall(OpenBrowserKeyword.groovy:74)
	at com.kms.katalon.core.webui.keyword.builtin.OpenBrowserKeyword$_openBrowser_closure1.call(OpenBrowserKeyword.groovy)
	at com.kms.katalon.core.webui.keyword.internal.WebUIKeywordMain.runKeyword(WebUIKeywordMain.groovy:20)
	at com.kms.katalon.core.webui.keyword.builtin.OpenBrowserKeyword.openBrowser(OpenBrowserKeyword.groovy:81)
	at com.kms.katalon.core.webui.keyword.builtin.OpenBrowserKeyword.execute(OpenBrowserKeyword.groovy:67)
	at com.kms.katalon.core.keyword.internal.KeywordExecutor.executeKeywordForPlatform(KeywordExecutor.groovy:74)
	at com.kms.katalon.core.webui.keyword.WebUiBuiltInKeywords.openBrowser(WebUiBuiltInKeywords.groovy:64)
	at com.kms.katalon.core.webui.keyword.WebUiBuiltInKeywords$openBrowser.call(Unknown Source)
	at Script1682598283514.run(Script1682598283514.groovy:20)
	... 13 more
Caused by: java.net.ConnectException: Failed to connect to localhost/0:0:0:0:0:0:0:1:48982
	at okhttp3.internal.connection.RealConnection.connectSocket(RealConnection.java:247)
	at okhttp3.internal.connection.RealConnection.connect(RealConnection.java:165)
	at okhttp3.internal.connection.StreamAllocation.findConnection(StreamAllocation.java:257)
	at okhttp3.internal.connection.StreamAllocation.findHealthyConnection(StreamAllocation.java:135)
	at okhttp3.internal.connection.StreamAllocation.newStream(StreamAllocation.java:114)
	at okhttp3.internal.connection.ConnectInterceptor.intercept(ConnectInterceptor.java:42)
	at okhttp3.internal.http.RealInterceptorChain.proceed(RealInterceptorChain.java:147)
	at okhttp3.internal.http.RealInterceptorChain.proceed(RealInterceptorChain.java:121)
	at okhttp3.internal.cache.CacheInterceptor.intercept(CacheInterceptor.java:93)
	at okhttp3.internal.http.RealInterceptorChain.proceed(RealInterceptorChain.java:147)
	at okhttp3.internal.http.RealInterceptorChain.proceed(RealInterceptorChain.java:121)
	at okhttp3.internal.http.BridgeInterceptor.intercept(BridgeInterceptor.java:93)
	at okhttp3.internal.http.RealInterceptorChain.proceed(RealInterceptorChain.java:147)
	at okhttp3.internal.http.RetryAndFollowUpInterceptor.intercept(RetryAndFollowUpInterceptor.java:126)
	at okhttp3.internal.http.RealInterceptorChain.proceed(RealInterceptorChain.java:147)
	at okhttp3.internal.http.RealInterceptorChain.proceed(RealInterceptorChain.java:121)
	at okhttp3.RealCall.getResponseWithInterceptorChain(RealCall.java:200)
	at okhttp3.RealCall.execute(RealCall.java:77)
	at org.openqa.selenium.remote.internal.OkHttpClient.execute(OkHttpClient.java:103)
	at org.openqa.selenium.remote.HttpCommandExecutor.execute(HttpCommandExecutor.java:155)
	at org.openqa.selenium.remote.service.DriverCommandExecutor.execute(DriverCommandExecutor.java:83)
	... 32 more
Caused by: java.net.ConnectException: Connection refused: connect
	at okhttp3.internal.platform.Platform.connectSocket(Platform.java:129)
	at okhttp3.internal.connection.RealConnection.connectSocket(RealConnection.java:245)
	at okhttp3.internal.connection.RealConnection.connect(RealConnection.java:165)
	at okhttp3.internal.connection.StreamAllocation.findConnection(StreamAllocation.java:257)
	at okhttp3.internal.connection.StreamAllocation.findHealthyConnection(StreamAllocation.java:135)
	at okhttp3.internal.connection.StreamAllocation.newStream(StreamAllocation.java:114)
	at okhttp3.internal.connection.ConnectInterceptor.intercept(ConnectInterceptor.java:42)
	at okhttp3.internal.http.RealInterceptorChain.proceed(RealInterceptorChain.java:147)
	at okhttp3.internal.http.RealInterceptorChain.proceed(RealInterceptorChain.java:121)
	at okhttp3.internal.cache.CacheInterceptor.intercept(CacheInterceptor.java:93)
	at okhttp3.internal.http.RealInterceptorChain.proceed(RealInterceptorChain.java:147)
	at okhttp3.internal.http.RealInterceptorChain.proceed(RealInterceptorChain.java:121)
	at okhttp3.internal.http.BridgeInterceptor.intercept(BridgeInterceptor.java:93)
	at okhttp3.internal.http.RealInterceptorChain.proceed(RealInterceptorChain.java:147)
	at okhttp3.internal.http.RetryAndFollowUpInterceptor.intercept(RetryAndFollowUpInterceptor.java:126)
	at okhttp3.internal.http.RealInterceptorChain.proceed(RealInterceptorChain.java:147)
	at okhttp3.internal.http.RealInterceptorChain.proceed(RealInterceptorChain.java:121)
	at okhttp3.RealCall.getResponseWithInterceptorChain(RealCall.java:200)
	at okhttp3.RealCall.execute(RealCall.java:77)
	at org.openqa.selenium.remote.internal.OkHttpClient.execute(OkHttpClient.java:103)
	at org.openqa.selenium.remote.HttpCommandExecutor.execute(HttpCommandExecutor.java:155)
	at org.openqa.selenium.remote.service.DriverCommandExecutor.execute(DriverCommandExecutor.java:83)
	at org.openqa.selenium.remote.RemoteWebDriver.execute(RemoteWebDriver.java:552)
	at com.kms.katalon.selenium.driver.CChromeDriver.execute(CChromeDriver.java:19)
	at org.openqa.selenium.remote.RemoteWebDriver.execute(RemoteWebDriver.java:609)
	at org.openqa.selenium.remote.RemoteWebDriver.quit(RemoteWebDriver.java:452)
	at org.openqa.selenium.support.events.EventFiringWebDriver.lambda$new$1(EventFiringWebDriver.java:105)
	at com.sun.proxy.$Proxy12.quit(Unknown Source)
	at org.openqa.selenium.support.events.EventFiringWebDriver.quit(EventFiringWebDriver.java:211)
	at com.kms.katalon.core.webui.driver.DriverFactory.closeWebDriver(DriverFactory.java:1501)
	at com.kms.katalon.core.webui.driver.DriverFactory.startNewBrowser(DriverFactory.java:343)
	at com.kms.katalon.core.webui.driver.DriverFactory.openWebDriver(DriverFactory.java:254)
	at com.kms.katalon.core.webui.keyword.builtin.OpenBrowserKeyword$_openBrowser_closure1.doCall(OpenBrowserKeyword.groovy:74)
	at com.kms.katalon.core.webui.keyword.builtin.OpenBrowserKeyword$_openBrowser_closure1.call(OpenBrowserKeyword.groovy)
	at com.kms.katalon.core.webui.keyword.internal.WebUIKeywordMain.runKeyword(WebUIKeywordMain.groovy:20)
	at com.kms.katalon.core.webui.keyword.builtin.OpenBrowserKeyword.openBrowser(OpenBrowserKeyword.groovy:81)
	at com.kms.katalon.core.webui.keyword.builtin.OpenBrowserKeyword.execute(OpenBrowserKeyword.groovy:67)
	at com.kms.katalon.core.keyword.internal.KeywordExecutor.executeKeywordForPlatform(KeywordExecutor.groovy:74)
	at com.kms.katalon.core.webui.keyword.WebUiBuiltInKeywords.openBrowser(WebUiBuiltInKeywords.groovy:64)
	at com.kms.katalon.core.webui.keyword.WebUiBuiltInKeywords$openBrowser.call(Unknown Source)
	at II Test Case (View My Orders).run(II Test Case (View My Orders):20)
	... 13 more
"/>
         <system-out><![CDATA[2023-05-16 12:48:10 - [TEST_CASE][FAILED] - Test Cases/II Test Case (View My Orders): Test Cases/II Test Case (View My Orders) FAILED.
Reason:
com.kms.katalon.core.exception.StepFailedException: Unable to open browser with url: ''
	at com.kms.katalon.core.webui.keyword.internal.WebUIKeywordMain.stepFailed(WebUIKeywordMain.groovy:64)
	at com.kms.katalon.core.webui.keyword.internal.WebUIKeywordMain.runKeyword(WebUIKeywordMain.groovy:26)
	at com.kms.katalon.core.webui.keyword.builtin.OpenBrowserKeyword.openBrowser(OpenBrowserKeyword.groovy:81)
	at com.kms.katalon.core.webui.keyword.builtin.OpenBrowserKeyword.execute(OpenBrowserKeyword.groovy:67)
	at com.kms.katalon.core.keyword.internal.KeywordExecutor.executeKeywordForPlatform(KeywordExecutor.groovy:74)
	at com.kms.katalon.core.webui.keyword.WebUiBuiltInKeywords.openBrowser(WebUiBuiltInKeywords.groovy:64)
	at com.kms.katalon.core.webui.keyword.WebUiBuiltInKeywords$openBrowser.call(Unknown Source)
	at II Test Case (View My Orders).run(II Test Case (View My Orders):20)
	at com.kms.katalon.core.main.ScriptEngine.run(ScriptEngine.java:194)
	at com.kms.katalon.core.main.ScriptEngine.runScriptAsRawText(ScriptEngine.java:119)
	at com.kms.katalon.core.main.TestCaseExecutor.runScript(TestCaseExecutor.java:448)
	at com.kms.katalon.core.main.TestCaseExecutor.doExecute(TestCaseExecutor.java:439)
	at com.kms.katalon.core.main.TestCaseExecutor.processExecutionPhase(TestCaseExecutor.java:418)
	at com.kms.katalon.core.main.TestCaseExecutor.accessMainPhase(TestCaseExecutor.java:410)
	at com.kms.katalon.core.main.TestCaseExecutor.execute(TestCaseExecutor.java:285)
	at com.kms.katalon.core.common.CommonExecutor.accessTestCaseMainPhase(CommonExecutor.java:65)
	at com.kms.katalon.core.main.TestSuiteExecutor.accessTestSuiteMainPhase(TestSuiteExecutor.java:151)
	at com.kms.katalon.core.main.TestSuiteExecutor.execute(TestSuiteExecutor.java:106)
	at com.kms.katalon.core.main.TestCaseMain.startTestSuite(TestCaseMain.java:185)
	at com.kms.katalon.core.main.TestCaseMain$startTestSuite$0.call(Unknown Source)
	at TempTestSuite1684233954363.run(TempTestSuite1684233954363.groovy:36)
Caused by: org.openqa.selenium.WebDriverException: java.net.ConnectException: Failed to connect to localhost/0:0:0:0:0:0:0:1:48982
Build info: version: '3.141.59', revision: 'e82be7d358', time: '2018-11-14T08:25:53'
System info: host: 'FINMX-L12', ip: '192.168.0.32', os.name: 'Windows 10', os.arch: 'amd64', os.version: '10.0', java.version: '1.8.0_282'
Driver info: driver.version: EventFiringWebDriver
	at org.openqa.selenium.remote.service.DriverCommandExecutor.execute(DriverCommandExecutor.java:92)
	at org.openqa.selenium.remote.RemoteWebDriver.execute(RemoteWebDriver.java:552)
	at com.kms.katalon.selenium.driver.CChromeDriver.execute(CChromeDriver.java:19)
	at org.openqa.selenium.remote.RemoteWebDriver.execute(RemoteWebDriver.java:609)
	at org.openqa.selenium.remote.RemoteWebDriver.quit(RemoteWebDriver.java:452)
	at org.openqa.selenium.support.events.EventFiringWebDriver.lambda$new$1(EventFiringWebDriver.java:105)
	at com.sun.proxy.$Proxy12.quit(Unknown Source)
	at org.openqa.selenium.support.events.EventFiringWebDriver.quit(EventFiringWebDriver.java:211)
	at com.kms.katalon.core.webui.driver.DriverFactory.closeWebDriver(DriverFactory.java:1501)
	at com.kms.katalon.core.webui.driver.DriverFactory.startNewBrowser(DriverFactory.java:343)
	at com.kms.katalon.core.webui.driver.DriverFactory.openWebDriver(DriverFactory.java:254)
	at com.kms.katalon.core.webui.keyword.builtin.OpenBrowserKeyword$_openBrowser_closure1.doCall(OpenBrowserKeyword.groovy:74)
	at com.kms.katalon.core.webui.keyword.builtin.OpenBrowserKeyword$_openBrowser_closure1.call(OpenBrowserKeyword.groovy)
	at com.kms.katalon.core.webui.keyword.internal.WebUIKeywordMain.runKeyword(WebUIKeywordMain.groovy:20)
	at com.kms.katalon.core.webui.keyword.builtin.OpenBrowserKeyword.openBrowser(OpenBrowserKeyword.groovy:81)
	at com.kms.katalon.core.webui.keyword.builtin.OpenBrowserKeyword.execute(OpenBrowserKeyword.groovy:67)
	at com.kms.katalon.core.keyword.internal.KeywordExecutor.executeKeywordForPlatform(KeywordExecutor.groovy:74)
	at com.kms.katalon.core.webui.keyword.WebUiBuiltInKeywords.openBrowser(WebUiBuiltInKeywords.groovy:64)
	at com.kms.katalon.core.webui.keyword.WebUiBuiltInKeywords$openBrowser.call(Unknown Source)
	at Script1682598283514.run(Script1682598283514.groovy:20)
	... 13 more
Caused by: java.net.ConnectException: Failed to connect to localhost/0:0:0:0:0:0:0:1:48982
	at okhttp3.internal.connection.RealConnection.connectSocket(RealConnection.java:247)
	at okhttp3.internal.connection.RealConnection.connect(RealConnection.java:165)
	at okhttp3.internal.connection.StreamAllocation.findConnection(StreamAllocation.java:257)
	at okhttp3.internal.connection.StreamAllocation.findHealthyConnection(StreamAllocation.java:135)
	at okhttp3.internal.connection.StreamAllocation.newStream(StreamAllocation.java:114)
	at okhttp3.internal.connection.ConnectInterceptor.intercept(ConnectInterceptor.java:42)
	at okhttp3.internal.http.RealInterceptorChain.proceed(RealInterceptorChain.java:147)
	at okhttp3.internal.http.RealInterceptorChain.proceed(RealInterceptorChain.java:121)
	at okhttp3.internal.cache.CacheInterceptor.intercept(CacheInterceptor.java:93)
	at okhttp3.internal.http.RealInterceptorChain.proceed(RealInterceptorChain.java:147)
	at okhttp3.internal.http.RealInterceptorChain.proceed(RealInterceptorChain.java:121)
	at okhttp3.internal.http.BridgeInterceptor.intercept(BridgeInterceptor.java:93)
	at okhttp3.internal.http.RealInterceptorChain.proceed(RealInterceptorChain.java:147)
	at okhttp3.internal.http.RetryAndFollowUpInterceptor.intercept(RetryAndFollowUpInterceptor.java:126)
	at okhttp3.internal.http.RealInterceptorChain.proceed(RealInterceptorChain.java:147)
	at okhttp3.internal.http.RealInterceptorChain.proceed(RealInterceptorChain.java:121)
	at okhttp3.RealCall.getResponseWithInterceptorChain(RealCall.java:200)
	at okhttp3.RealCall.execute(RealCall.java:77)
	at org.openqa.selenium.remote.internal.OkHttpClient.execute(OkHttpClient.java:103)
	at org.openqa.selenium.remote.HttpCommandExecutor.execute(HttpCommandExecutor.java:155)
	at org.openqa.selenium.remote.service.DriverCommandExecutor.execute(DriverCommandExecutor.java:83)
	... 32 more
Caused by: java.net.ConnectException: Connection refused: connect
	at okhttp3.internal.platform.Platform.connectSocket(Platform.java:129)
	at okhttp3.internal.connection.RealConnection.connectSocket(RealConnection.java:245)
	at okhttp3.internal.connection.RealConnection.connect(RealConnection.java:165)
	at okhttp3.internal.connection.StreamAllocation.findConnection(StreamAllocation.java:257)
	at okhttp3.internal.connection.StreamAllocation.findHealthyConnection(StreamAllocation.java:135)
	at okhttp3.internal.connection.StreamAllocation.newStream(StreamAllocation.java:114)
	at okhttp3.internal.connection.ConnectInterceptor.intercept(ConnectInterceptor.java:42)
	at okhttp3.internal.http.RealInterceptorChain.proceed(RealInterceptorChain.java:147)
	at okhttp3.internal.http.RealInterceptorChain.proceed(RealInterceptorChain.java:121)
	at okhttp3.internal.cache.CacheInterceptor.intercept(CacheInterceptor.java:93)
	at okhttp3.internal.http.RealInterceptorChain.proceed(RealInterceptorChain.java:147)
	at okhttp3.internal.http.RealInterceptorChain.proceed(RealInterceptorChain.java:121)
	at okhttp3.internal.http.BridgeInterceptor.intercept(BridgeInterceptor.java:93)
	at okhttp3.internal.http.RealInterceptorChain.proceed(RealInterceptorChain.java:147)
	at okhttp3.internal.http.RetryAndFollowUpInterceptor.intercept(RetryAndFollowUpInterceptor.java:126)
	at okhttp3.internal.http.RealInterceptorChain.proceed(RealInterceptorChain.java:147)
	at okhttp3.internal.http.RealInterceptorChain.proceed(RealInterceptorChain.java:121)
	at okhttp3.RealCall.getResponseWithInterceptorChain(RealCall.java:200)
	at okhttp3.RealCall.execute(RealCall.java:77)
	at org.openqa.selenium.remote.internal.OkHttpClient.execute(OkHttpClient.java:103)
	at org.openqa.selenium.remote.HttpCommandExecutor.execute(HttpCommandExecutor.java:155)
	at org.openqa.selenium.remote.service.DriverCommandExecutor.execute(DriverCommandExecutor.java:83)
	at org.openqa.selenium.remote.RemoteWebDriver.execute(RemoteWebDriver.java:552)
	at com.kms.katalon.selenium.driver.CChromeDriver.execute(CChromeDriver.java:19)
	at org.openqa.selenium.remote.RemoteWebDriver.execute(RemoteWebDriver.java:609)
	at org.openqa.selenium.remote.RemoteWebDriver.quit(RemoteWebDriver.java:452)
	at org.openqa.selenium.support.events.EventFiringWebDriver.lambda$new$1(EventFiringWebDriver.java:105)
	at com.sun.proxy.$Proxy12.quit(Unknown Source)
	at org.openqa.selenium.support.events.EventFiringWebDriver.quit(EventFiringWebDriver.java:211)
	at com.kms.katalon.core.webui.driver.DriverFactory.closeWebDriver(DriverFactory.java:1501)
	at com.kms.katalon.core.webui.driver.DriverFactory.startNewBrowser(DriverFactory.java:343)
	at com.kms.katalon.core.webui.driver.DriverFactory.openWebDriver(DriverFactory.java:254)
	at com.kms.katalon.core.webui.keyword.builtin.OpenBrowserKeyword$_openBrowser_closure1.doCall(OpenBrowserKeyword.groovy:74)
	at com.kms.katalon.core.webui.keyword.builtin.OpenBrowserKeyword$_openBrowser_closure1.call(OpenBrowserKeyword.groovy)
	at com.kms.katalon.core.webui.keyword.internal.WebUIKeywordMain.runKeyword(WebUIKeywordMain.groovy:20)
	at com.kms.katalon.core.webui.keyword.builtin.OpenBrowserKeyword.openBrowser(OpenBrowserKeyword.groovy:81)
	at com.kms.katalon.core.webui.keyword.builtin.OpenBrowserKeyword.execute(OpenBrowserKeyword.groovy:67)
	at com.kms.katalon.core.keyword.internal.KeywordExecutor.executeKeywordForPlatform(KeywordExecutor.groovy:74)
	at com.kms.katalon.core.webui.keyword.WebUiBuiltInKeywords.openBrowser(WebUiBuiltInKeywords.groovy:64)
	at com.kms.katalon.core.webui.keyword.WebUiBuiltInKeywords$openBrowser.call(Unknown Source)
	at II Test Case (View My Orders).run(II Test Case (View My Orders):20)
	... 13 more


2023-05-16 12:48:10 - [TEST_STEP][FAILED] - openBrowser(""): Unable to open browser with url: '' (Root cause: com.kms.katalon.core.exception.StepFailedException: Unable to open browser with url: ''
	at com.kms.katalon.core.webui.keyword.internal.WebUIKeywordMain.stepFailed(WebUIKeywordMain.groovy:64)
	at com.kms.katalon.core.webui.keyword.internal.WebUIKeywordMain.runKeyword(WebUIKeywordMain.groovy:26)
	at com.kms.katalon.core.webui.keyword.builtin.OpenBrowserKeyword.openBrowser(OpenBrowserKeyword.groovy:81)
	at com.kms.katalon.core.webui.keyword.builtin.OpenBrowserKeyword.execute(OpenBrowserKeyword.groovy:67)
	at com.kms.katalon.core.keyword.internal.KeywordExecutor.executeKeywordForPlatform(KeywordExecutor.groovy:74)
	at com.kms.katalon.core.webui.keyword.WebUiBuiltInKeywords.openBrowser(WebUiBuiltInKeywords.groovy:64)
	at com.kms.katalon.core.webui.keyword.WebUiBuiltInKeywords$openBrowser.call(Unknown Source)
	at II Test Case (View My Orders).run(II Test Case (View My Orders):20)
	at com.kms.katalon.core.main.ScriptEngine.run(ScriptEngine.java:194)
	at com.kms.katalon.core.main.ScriptEngine.runScriptAsRawText(ScriptEngine.java:119)
	at com.kms.katalon.core.main.TestCaseExecutor.runScript(TestCaseExecutor.java:448)
	at com.kms.katalon.core.main.TestCaseExecutor.doExecute(TestCaseExecutor.java:439)
	at com.kms.katalon.core.main.TestCaseExecutor.processExecutionPhase(TestCaseExecutor.java:418)
	at com.kms.katalon.core.main.TestCaseExecutor.accessMainPhase(TestCaseExecutor.java:410)
	at com.kms.katalon.core.main.TestCaseExecutor.execute(TestCaseExecutor.java:285)
	at com.kms.katalon.core.common.CommonExecutor.accessTestCaseMainPhase(CommonExecutor.java:65)
	at com.kms.katalon.core.main.TestSuiteExecutor.accessTestSuiteMainPhase(TestSuiteExecutor.java:151)
	at com.kms.katalon.core.main.TestSuiteExecutor.execute(TestSuiteExecutor.java:106)
	at com.kms.katalon.core.main.TestCaseMain.startTestSuite(TestCaseMain.java:185)
	at com.kms.katalon.core.main.TestCaseMain$startTestSuite$0.call(Unknown Source)
	at TempTestSuite1684233954363.run(TempTestSuite1684233954363.groovy:36)
Caused by: org.openqa.selenium.WebDriverException: java.net.ConnectException: Failed to connect to localhost/0:0:0:0:0:0:0:1:48982
Build info: version: '3.141.59', revision: 'e82be7d358', time: '2018-11-14T08:25:53'
System info: host: 'FINMX-L12', ip: '192.168.0.32', os.name: 'Windows 10', os.arch: 'amd64', os.version: '10.0', java.version: '1.8.0_282'
Driver info: driver.version: EventFiringWebDriver
	at org.openqa.selenium.remote.service.DriverCommandExecutor.execute(DriverCommandExecutor.java:92)
	at org.openqa.selenium.remote.RemoteWebDriver.execute(RemoteWebDriver.java:552)
	at com.kms.katalon.selenium.driver.CChromeDriver.execute(CChromeDriver.java:19)
	at org.openqa.selenium.remote.RemoteWebDriver.execute(RemoteWebDriver.java:609)
	at org.openqa.selenium.remote.RemoteWebDriver.quit(RemoteWebDriver.java:452)
	at org.openqa.selenium.support.events.EventFiringWebDriver.lambda$new$1(EventFiringWebDriver.java:105)
	at com.sun.proxy.$Proxy12.quit(Unknown Source)
	at org.openqa.selenium.support.events.EventFiringWebDriver.quit(EventFiringWebDriver.java:211)
	at com.kms.katalon.core.webui.driver.DriverFactory.closeWebDriver(DriverFactory.java:1501)
	at com.kms.katalon.core.webui.driver.DriverFactory.startNewBrowser(DriverFactory.java:343)
	at com.kms.katalon.core.webui.driver.DriverFactory.openWebDriver(DriverFactory.java:254)
	at com.kms.katalon.core.webui.keyword.builtin.OpenBrowserKeyword$_openBrowser_closure1.doCall(OpenBrowserKeyword.groovy:74)
	at com.kms.katalon.core.webui.keyword.builtin.OpenBrowserKeyword$_openBrowser_closure1.call(OpenBrowserKeyword.groovy)
	at com.kms.katalon.core.webui.keyword.internal.WebUIKeywordMain.runKeyword(WebUIKeywordMain.groovy:20)
	at com.kms.katalon.core.webui.keyword.builtin.OpenBrowserKeyword.openBrowser(OpenBrowserKeyword.groovy:81)
	at com.kms.katalon.core.webui.keyword.builtin.OpenBrowserKeyword.execute(OpenBrowserKeyword.groovy:67)
	at com.kms.katalon.core.keyword.internal.KeywordExecutor.executeKeywordForPlatform(KeywordExecutor.groovy:74)
	at com.kms.katalon.core.webui.keyword.WebUiBuiltInKeywords.openBrowser(WebUiBuiltInKeywords.groovy:64)
	at com.kms.katalon.core.webui.keyword.WebUiBuiltInKeywords$openBrowser.call(Unknown Source)
	at Script1682598283514.run(Script1682598283514.groovy:20)
	... 13 more
Caused by: java.net.ConnectException: Failed to connect to localhost/0:0:0:0:0:0:0:1:48982
	at okhttp3.internal.connection.RealConnection.connectSocket(RealConnection.java:247)
	at okhttp3.internal.connection.RealConnection.connect(RealConnection.java:165)
	at okhttp3.internal.connection.StreamAllocation.findConnection(StreamAllocation.java:257)
	at okhttp3.internal.connection.StreamAllocation.findHealthyConnection(StreamAllocation.java:135)
	at okhttp3.internal.connection.StreamAllocation.newStream(StreamAllocation.java:114)
	at okhttp3.internal.connection.ConnectInterceptor.intercept(ConnectInterceptor.java:42)
	at okhttp3.internal.http.RealInterceptorChain.proceed(RealInterceptorChain.java:147)
	at okhttp3.internal.http.RealInterceptorChain.proceed(RealInterceptorChain.java:121)
	at okhttp3.internal.cache.CacheInterceptor.intercept(CacheInterceptor.java:93)
	at okhttp3.internal.http.RealInterceptorChain.proceed(RealInterceptorChain.java:147)
	at okhttp3.internal.http.RealInterceptorChain.proceed(RealInterceptorChain.java:121)
	at okhttp3.internal.http.BridgeInterceptor.intercept(BridgeInterceptor.java:93)
	at okhttp3.internal.http.RealInterceptorChain.proceed(RealInterceptorChain.java:147)
	at okhttp3.internal.http.RetryAndFollowUpInterceptor.intercept(RetryAndFollowUpInterceptor.java:126)
	at okhttp3.internal.http.RealInterceptorChain.proceed(RealInterceptorChain.java:147)
	at okhttp3.internal.http.RealInterceptorChain.proceed(RealInterceptorChain.java:121)
	at okhttp3.RealCall.getResponseWithInterceptorChain(RealCall.java:200)
	at okhttp3.RealCall.execute(RealCall.java:77)
	at org.openqa.selenium.remote.internal.OkHttpClient.execute(OkHttpClient.java:103)
	at org.openqa.selenium.remote.HttpCommandExecutor.execute(HttpCommandExecutor.java:155)
	at org.openqa.selenium.remote.service.DriverCommandExecutor.execute(DriverCommandExecutor.java:83)
	... 32 more
Caused by: java.net.ConnectException: Connection refused: connect
	at okhttp3.internal.platform.Platform.connectSocket(Platform.java:129)
	at okhttp3.internal.connection.RealConnection.connectSocket(RealConnection.java:245)
	... 52 more
)

2023-05-16 12:48:10 - [MESSAGE][WARNING] - A browser is already opened. Closing browser and opening a new one

2023-05-16 12:48:15 - [MESSAGE][FAILED] - Unable to open browser with url: '' (Root cause: com.kms.katalon.core.exception.StepFailedException: Unable to open browser with url: ''
	at com.kms.katalon.core.webui.keyword.internal.WebUIKeywordMain.stepFailed(WebUIKeywordMain.groovy:64)
	at com.kms.katalon.core.webui.keyword.internal.WebUIKeywordMain.runKeyword(WebUIKeywordMain.groovy:26)
	at com.kms.katalon.core.webui.keyword.builtin.OpenBrowserKeyword.openBrowser(OpenBrowserKeyword.groovy:81)
	at com.kms.katalon.core.webui.keyword.builtin.OpenBrowserKeyword.execute(OpenBrowserKeyword.groovy:67)
	at com.kms.katalon.core.keyword.internal.KeywordExecutor.executeKeywordForPlatform(KeywordExecutor.groovy:74)
	at com.kms.katalon.core.webui.keyword.WebUiBuiltInKeywords.openBrowser(WebUiBuiltInKeywords.groovy:64)
	at com.kms.katalon.core.webui.keyword.WebUiBuiltInKeywords$openBrowser.call(Unknown Source)
	at II Test Case (View My Orders).run(II Test Case (View My Orders):20)
	at com.kms.katalon.core.main.ScriptEngine.run(ScriptEngine.java:194)
	at com.kms.katalon.core.main.ScriptEngine.runScriptAsRawText(ScriptEngine.java:119)
	at com.kms.katalon.core.main.TestCaseExecutor.runScript(TestCaseExecutor.java:448)
	at com.kms.katalon.core.main.TestCaseExecutor.doExecute(TestCaseExecutor.java:439)
	at com.kms.katalon.core.main.TestCaseExecutor.processExecutionPhase(TestCaseExecutor.java:418)
	at com.kms.katalon.core.main.TestCaseExecutor.accessMainPhase(TestCaseExecutor.java:410)
	at com.kms.katalon.core.main.TestCaseExecutor.execute(TestCaseExecutor.java:285)
	at com.kms.katalon.core.common.CommonExecutor.accessTestCaseMainPhase(CommonExecutor.java:65)
	at com.kms.katalon.core.main.TestSuiteExecutor.accessTestSuiteMainPhase(TestSuiteExecutor.java:151)
	at com.kms.katalon.core.main.TestSuiteExecutor.execute(TestSuiteExecutor.java:106)
	at com.kms.katalon.core.main.TestCaseMain.startTestSuite(TestCaseMain.java:185)
	at com.kms.katalon.core.main.TestCaseMain$startTestSuite$0.call(Unknown Source)
	at TempTestSuite1684233954363.run(TempTestSuite1684233954363.groovy:36)
Caused by: org.openqa.selenium.WebDriverException: java.net.ConnectException: Failed to connect to localhost/0:0:0:0:0:0:0:1:48982
Build info: version: '3.141.59', revision: 'e82be7d358', time: '2018-11-14T08:25:53'
System info: host: 'FINMX-L12', ip: '192.168.0.32', os.name: 'Windows 10', os.arch: 'amd64', os.version: '10.0', java.version: '1.8.0_282'
Driver info: driver.version: EventFiringWebDriver
	at org.openqa.selenium.remote.service.DriverCommandExecutor.execute(DriverCommandExecutor.java:92)
	at org.openqa.selenium.remote.RemoteWebDriver.execute(RemoteWebDriver.java:552)
	at com.kms.katalon.selenium.driver.CChromeDriver.execute(CChromeDriver.java:19)
	at org.openqa.selenium.remote.RemoteWebDriver.execute(RemoteWebDriver.java:609)
	at org.openqa.selenium.remote.RemoteWebDriver.quit(RemoteWebDriver.java:452)
	at org.openqa.selenium.support.events.EventFiringWebDriver.lambda$new$1(EventFiringWebDriver.java:105)
	at com.sun.proxy.$Proxy12.quit(Unknown Source)
	at org.openqa.selenium.support.events.EventFiringWebDriver.quit(EventFiringWebDriver.java:211)
	at com.kms.katalon.core.webui.driver.DriverFactory.closeWebDriver(DriverFactory.java:1501)
	at com.kms.katalon.core.webui.driver.DriverFactory.startNewBrowser(DriverFactory.java:343)
	at com.kms.katalon.core.webui.driver.DriverFactory.openWebDriver(DriverFactory.java:254)
	at com.kms.katalon.core.webui.keyword.builtin.OpenBrowserKeyword$_openBrowser_closure1.doCall(OpenBrowserKeyword.groovy:74)
	at com.kms.katalon.core.webui.keyword.builtin.OpenBrowserKeyword$_openBrowser_closure1.call(OpenBrowserKeyword.groovy)
	at com.kms.katalon.core.webui.keyword.internal.WebUIKeywordMain.runKeyword(WebUIKeywordMain.groovy:20)
	at com.kms.katalon.core.webui.keyword.builtin.OpenBrowserKeyword.openBrowser(OpenBrowserKeyword.groovy:81)
	at com.kms.katalon.core.webui.keyword.builtin.OpenBrowserKeyword.execute(OpenBrowserKeyword.groovy:67)
	at com.kms.katalon.core.keyword.internal.KeywordExecutor.executeKeywordForPlatform(KeywordExecutor.groovy:74)
	at com.kms.katalon.core.webui.keyword.WebUiBuiltInKeywords.openBrowser(WebUiBuiltInKeywords.groovy:64)
	at com.kms.katalon.core.webui.keyword.WebUiBuiltInKeywords$openBrowser.call(Unknown Source)
	at Script1682598283514.run(Script1682598283514.groovy:20)
	... 13 more
Caused by: java.net.ConnectException: Failed to connect to localhost/0:0:0:0:0:0:0:1:48982
	at okhttp3.internal.connection.RealConnection.connectSocket(RealConnection.java:247)
	at okhttp3.internal.connection.RealConnection.connect(RealConnection.java:165)
	at okhttp3.internal.connection.StreamAllocation.findConnection(StreamAllocation.java:257)
	at okhttp3.internal.connection.StreamAllocation.findHealthyConnection(StreamAllocation.java:135)
	at okhttp3.internal.connection.StreamAllocation.newStream(StreamAllocation.java:114)
	at okhttp3.internal.connection.ConnectInterceptor.intercept(ConnectInterceptor.java:42)
	at okhttp3.internal.http.RealInterceptorChain.proceed(RealInterceptorChain.java:147)
	at okhttp3.internal.http.RealInterceptorChain.proceed(RealInterceptorChain.java:121)
	at okhttp3.internal.cache.CacheInterceptor.intercept(CacheInterceptor.java:93)
	at okhttp3.internal.http.RealInterceptorChain.proceed(RealInterceptorChain.java:147)
	at okhttp3.internal.http.RealInterceptorChain.proceed(RealInterceptorChain.java:121)
	at okhttp3.internal.http.BridgeInterceptor.intercept(BridgeInterceptor.java:93)
	at okhttp3.internal.http.RealInterceptorChain.proceed(RealInterceptorChain.java:147)
	at okhttp3.internal.http.RetryAndFollowUpInterceptor.intercept(RetryAndFollowUpInterceptor.java:126)
	at okhttp3.internal.http.RealInterceptorChain.proceed(RealInterceptorChain.java:147)
	at okhttp3.internal.http.RealInterceptorChain.proceed(RealInterceptorChain.java:121)
	at okhttp3.RealCall.getResponseWithInterceptorChain(RealCall.java:200)
	at okhttp3.RealCall.execute(RealCall.java:77)
	at org.openqa.selenium.remote.internal.OkHttpClient.execute(OkHttpClient.java:103)
	at org.openqa.selenium.remote.HttpCommandExecutor.execute(HttpCommandExecutor.java:155)
	at org.openqa.selenium.remote.service.DriverCommandExecutor.execute(DriverCommandExecutor.java:83)
	... 32 more
Caused by: java.net.ConnectException: Connection refused: connect
	at okhttp3.internal.platform.Platform.connectSocket(Platform.java:129)
	at okhttp3.internal.connection.RealConnection.connectSocket(RealConnection.java:245)
	... 52 more
)

2023-05-16 12:48:15 - [TEST_STEP][PASSED] - Start listener action : terminateRunningWebDrivers: null

2023-05-16 12:48:15 - [TEST_STEP][PASSED] - cleanup(): null

2023-05-16 12:48:17 - [TEST_STEP][PASSED] - Video: Video recording for test case 'Test Cases/II Test Case (View My Orders)' .

2023-05-16 12:48:17 - [MESSAGE][INFO] - Video recording for test case 'Test Cases/II Test Case (View My Orders)' .]]></system-out>
         <system-err><![CDATA[2023-05-16 12:48:10 - [TEST_CASE][FAILED] - Test Cases/II Test Case (View My Orders): Test Cases/II Test Case (View My Orders) FAILED.
Reason:
com.kms.katalon.core.exception.StepFailedException: Unable to open browser with url: ''
	at com.kms.katalon.core.webui.keyword.internal.WebUIKeywordMain.stepFailed(WebUIKeywordMain.groovy:64)
	at com.kms.katalon.core.webui.keyword.internal.WebUIKeywordMain.runKeyword(WebUIKeywordMain.groovy:26)
	at com.kms.katalon.core.webui.keyword.builtin.OpenBrowserKeyword.openBrowser(OpenBrowserKeyword.groovy:81)
	at com.kms.katalon.core.webui.keyword.builtin.OpenBrowserKeyword.execute(OpenBrowserKeyword.groovy:67)
	at com.kms.katalon.core.keyword.internal.KeywordExecutor.executeKeywordForPlatform(KeywordExecutor.groovy:74)
	at com.kms.katalon.core.webui.keyword.WebUiBuiltInKeywords.openBrowser(WebUiBuiltInKeywords.groovy:64)
	at com.kms.katalon.core.webui.keyword.WebUiBuiltInKeywords$openBrowser.call(Unknown Source)
	at II Test Case (View My Orders).run(II Test Case (View My Orders):20)
	at com.kms.katalon.core.main.ScriptEngine.run(ScriptEngine.java:194)
	at com.kms.katalon.core.main.ScriptEngine.runScriptAsRawText(ScriptEngine.java:119)
	at com.kms.katalon.core.main.TestCaseExecutor.runScript(TestCaseExecutor.java:448)
	at com.kms.katalon.core.main.TestCaseExecutor.doExecute(TestCaseExecutor.java:439)
	at com.kms.katalon.core.main.TestCaseExecutor.processExecutionPhase(TestCaseExecutor.java:418)
	at com.kms.katalon.core.main.TestCaseExecutor.accessMainPhase(TestCaseExecutor.java:410)
	at com.kms.katalon.core.main.TestCaseExecutor.execute(TestCaseExecutor.java:285)
	at com.kms.katalon.core.common.CommonExecutor.accessTestCaseMainPhase(CommonExecutor.java:65)
	at com.kms.katalon.core.main.TestSuiteExecutor.accessTestSuiteMainPhase(TestSuiteExecutor.java:151)
	at com.kms.katalon.core.main.TestSuiteExecutor.execute(TestSuiteExecutor.java:106)
	at com.kms.katalon.core.main.TestCaseMain.startTestSuite(TestCaseMain.java:185)
	at com.kms.katalon.core.main.TestCaseMain$startTestSuite$0.call(Unknown Source)
	at TempTestSuite1684233954363.run(TempTestSuite1684233954363.groovy:36)
Caused by: org.openqa.selenium.WebDriverException: java.net.ConnectException: Failed to connect to localhost/0:0:0:0:0:0:0:1:48982
Build info: version: '3.141.59', revision: 'e82be7d358', time: '2018-11-14T08:25:53'
System info: host: 'FINMX-L12', ip: '192.168.0.32', os.name: 'Windows 10', os.arch: 'amd64', os.version: '10.0', java.version: '1.8.0_282'
Driver info: driver.version: EventFiringWebDriver
	at org.openqa.selenium.remote.service.DriverCommandExecutor.execute(DriverCommandExecutor.java:92)
	at org.openqa.selenium.remote.RemoteWebDriver.execute(RemoteWebDriver.java:552)
	at com.kms.katalon.selenium.driver.CChromeDriver.execute(CChromeDriver.java:19)
	at org.openqa.selenium.remote.RemoteWebDriver.execute(RemoteWebDriver.java:609)
	at org.openqa.selenium.remote.RemoteWebDriver.quit(RemoteWebDriver.java:452)
	at org.openqa.selenium.support.events.EventFiringWebDriver.lambda$new$1(EventFiringWebDriver.java:105)
	at com.sun.proxy.$Proxy12.quit(Unknown Source)
	at org.openqa.selenium.support.events.EventFiringWebDriver.quit(EventFiringWebDriver.java:211)
	at com.kms.katalon.core.webui.driver.DriverFactory.closeWebDriver(DriverFactory.java:1501)
	at com.kms.katalon.core.webui.driver.DriverFactory.startNewBrowser(DriverFactory.java:343)
	at com.kms.katalon.core.webui.driver.DriverFactory.openWebDriver(DriverFactory.java:254)
	at com.kms.katalon.core.webui.keyword.builtin.OpenBrowserKeyword$_openBrowser_closure1.doCall(OpenBrowserKeyword.groovy:74)
	at com.kms.katalon.core.webui.keyword.builtin.OpenBrowserKeyword$_openBrowser_closure1.call(OpenBrowserKeyword.groovy)
	at com.kms.katalon.core.webui.keyword.internal.WebUIKeywordMain.runKeyword(WebUIKeywordMain.groovy:20)
	at com.kms.katalon.core.webui.keyword.builtin.OpenBrowserKeyword.openBrowser(OpenBrowserKeyword.groovy:81)
	at com.kms.katalon.core.webui.keyword.builtin.OpenBrowserKeyword.execute(OpenBrowserKeyword.groovy:67)
	at com.kms.katalon.core.keyword.internal.KeywordExecutor.executeKeywordForPlatform(KeywordExecutor.groovy:74)
	at com.kms.katalon.core.webui.keyword.WebUiBuiltInKeywords.openBrowser(WebUiBuiltInKeywords.groovy:64)
	at com.kms.katalon.core.webui.keyword.WebUiBuiltInKeywords$openBrowser.call(Unknown Source)
	at Script1682598283514.run(Script1682598283514.groovy:20)
	... 13 more
Caused by: java.net.ConnectException: Failed to connect to localhost/0:0:0:0:0:0:0:1:48982
	at okhttp3.internal.connection.RealConnection.connectSocket(RealConnection.java:247)
	at okhttp3.internal.connection.RealConnection.connect(RealConnection.java:165)
	at okhttp3.internal.connection.StreamAllocation.findConnection(StreamAllocation.java:257)
	at okhttp3.internal.connection.StreamAllocation.findHealthyConnection(StreamAllocation.java:135)
	at okhttp3.internal.connection.StreamAllocation.newStream(StreamAllocation.java:114)
	at okhttp3.internal.connection.ConnectInterceptor.intercept(ConnectInterceptor.java:42)
	at okhttp3.internal.http.RealInterceptorChain.proceed(RealInterceptorChain.java:147)
	at okhttp3.internal.http.RealInterceptorChain.proceed(RealInterceptorChain.java:121)
	at okhttp3.internal.cache.CacheInterceptor.intercept(CacheInterceptor.java:93)
	at okhttp3.internal.http.RealInterceptorChain.proceed(RealInterceptorChain.java:147)
	at okhttp3.internal.http.RealInterceptorChain.proceed(RealInterceptorChain.java:121)
	at okhttp3.internal.http.BridgeInterceptor.intercept(BridgeInterceptor.java:93)
	at okhttp3.internal.http.RealInterceptorChain.proceed(RealInterceptorChain.java:147)
	at okhttp3.internal.http.RetryAndFollowUpInterceptor.intercept(RetryAndFollowUpInterceptor.java:126)
	at okhttp3.internal.http.RealInterceptorChain.proceed(RealInterceptorChain.java:147)
	at okhttp3.internal.http.RealInterceptorChain.proceed(RealInterceptorChain.java:121)
	at okhttp3.RealCall.getResponseWithInterceptorChain(RealCall.java:200)
	at okhttp3.RealCall.execute(RealCall.java:77)
	at org.openqa.selenium.remote.internal.OkHttpClient.execute(OkHttpClient.java:103)
	at org.openqa.selenium.remote.HttpCommandExecutor.execute(HttpCommandExecutor.java:155)
	at org.openqa.selenium.remote.service.DriverCommandExecutor.execute(DriverCommandExecutor.java:83)
	... 32 more
Caused by: java.net.ConnectException: Connection refused: connect
	at okhttp3.internal.platform.Platform.connectSocket(Platform.java:129)
	at okhttp3.internal.connection.RealConnection.connectSocket(RealConnection.java:245)
	at okhttp3.internal.connection.RealConnection.connect(RealConnection.java:165)
	at okhttp3.internal.connection.StreamAllocation.findConnection(StreamAllocation.java:257)
	at okhttp3.internal.connection.StreamAllocation.findHealthyConnection(StreamAllocation.java:135)
	at okhttp3.internal.connection.StreamAllocation.newStream(StreamAllocation.java:114)
	at okhttp3.internal.connection.ConnectInterceptor.intercept(ConnectInterceptor.java:42)
	at okhttp3.internal.http.RealInterceptorChain.proceed(RealInterceptorChain.java:147)
	at okhttp3.internal.http.RealInterceptorChain.proceed(RealInterceptorChain.java:121)
	at okhttp3.internal.cache.CacheInterceptor.intercept(CacheInterceptor.java:93)
	at okhttp3.internal.http.RealInterceptorChain.proceed(RealInterceptorChain.java:147)
	at okhttp3.internal.http.RealInterceptorChain.proceed(RealInterceptorChain.java:121)
	at okhttp3.internal.http.BridgeInterceptor.intercept(BridgeInterceptor.java:93)
	at okhttp3.internal.http.RealInterceptorChain.proceed(RealInterceptorChain.java:147)
	at okhttp3.internal.http.RetryAndFollowUpInterceptor.intercept(RetryAndFollowUpInterceptor.java:126)
	at okhttp3.internal.http.RealInterceptorChain.proceed(RealInterceptorChain.java:147)
	at okhttp3.internal.http.RealInterceptorChain.proceed(RealInterceptorChain.java:121)
	at okhttp3.RealCall.getResponseWithInterceptorChain(RealCall.java:200)
	at okhttp3.RealCall.execute(RealCall.java:77)
	at org.openqa.selenium.remote.internal.OkHttpClient.execute(OkHttpClient.java:103)
	at org.openqa.selenium.remote.HttpCommandExecutor.execute(HttpCommandExecutor.java:155)
	at org.openqa.selenium.remote.service.DriverCommandExecutor.execute(DriverCommandExecutor.java:83)
	at org.openqa.selenium.remote.RemoteWebDriver.execute(RemoteWebDriver.java:552)
	at com.kms.katalon.selenium.driver.CChromeDriver.execute(CChromeDriver.java:19)
	at org.openqa.selenium.remote.RemoteWebDriver.execute(RemoteWebDriver.java:609)
	at org.openqa.selenium.remote.RemoteWebDriver.quit(RemoteWebDriver.java:452)
	at org.openqa.selenium.support.events.EventFiringWebDriver.lambda$new$1(EventFiringWebDriver.java:105)
	at com.sun.proxy.$Proxy12.quit(Unknown Source)
	at org.openqa.selenium.support.events.EventFiringWebDriver.quit(EventFiringWebDriver.java:211)
	at com.kms.katalon.core.webui.driver.DriverFactory.closeWebDriver(DriverFactory.java:1501)
	at com.kms.katalon.core.webui.driver.DriverFactory.startNewBrowser(DriverFactory.java:343)
	at com.kms.katalon.core.webui.driver.DriverFactory.openWebDriver(DriverFactory.java:254)
	at com.kms.katalon.core.webui.keyword.builtin.OpenBrowserKeyword$_openBrowser_closure1.doCall(OpenBrowserKeyword.groovy:74)
	at com.kms.katalon.core.webui.keyword.builtin.OpenBrowserKeyword$_openBrowser_closure1.call(OpenBrowserKeyword.groovy)
	at com.kms.katalon.core.webui.keyword.internal.WebUIKeywordMain.runKeyword(WebUIKeywordMain.groovy:20)
	at com.kms.katalon.core.webui.keyword.builtin.OpenBrowserKeyword.openBrowser(OpenBrowserKeyword.groovy:81)
	at com.kms.katalon.core.webui.keyword.builtin.OpenBrowserKeyword.execute(OpenBrowserKeyword.groovy:67)
	at com.kms.katalon.core.keyword.internal.KeywordExecutor.executeKeywordForPlatform(KeywordExecutor.groovy:74)
	at com.kms.katalon.core.webui.keyword.WebUiBuiltInKeywords.openBrowser(WebUiBuiltInKeywords.groovy:64)
	at com.kms.katalon.core.webui.keyword.WebUiBuiltInKeywords$openBrowser.call(Unknown Source)
	at II Test Case (View My Orders).run(II Test Case (View My Orders):20)
	... 13 more]]></system-err>
      </testcase>
      <testcase name="Test Cases/IV Test Case (Privacy Communication)" time="44.899" classname="Test Cases/IV Test Case (Privacy Communication)" status="PASSED">
         <system-out><![CDATA[2023-05-16 12:48:17 - [TEST_CASE][PASSED] - Test Cases/IV Test Case (Privacy Communication): Test Cases/IV Test Case (Privacy Communication)

2023-05-16 12:48:18 - [TEST_STEP][PASSED] - openBrowser(""): Browser is opened with url: ''

2023-05-16 12:48:18 - [MESSAGE][INFO] - Starting 'Chrome' driver

2023-05-16 12:48:18 - [MESSAGE][INFO] - Action delay is set to 100 milliseconds

2023-05-16 12:48:19 - [MESSAGE][PASSED] - Browser is opened with url: ''

2023-05-16 12:48:19 - [TEST_STEP][PASSED] - navigateToUrl("https://ecommerce-test.softmetrixgroup.com/"): Navigate to 'https://ecommerce-test.softmetrixgroup.com/' successfully

2023-05-16 12:48:21 - [MESSAGE][PASSED] - Navigate to 'https://ecommerce-test.softmetrixgroup.com/' successfully

2023-05-16 12:48:21 - [TEST_STEP][PASSED] - deleteAllCookies(): Delete all cookies successfully

2023-05-16 12:48:21 - [MESSAGE][PASSED] - Delete all cookies successfully

2023-05-16 12:48:21 - [TEST_STEP][PASSED] - maximizeWindow(): Current window maximized

2023-05-16 12:48:21 - [MESSAGE][PASSED] - Current window maximized

2023-05-16 12:48:21 - [TEST_STEP][PASSED] - refresh(): Refresh successfully

2023-05-16 12:48:22 - [MESSAGE][PASSED] - Refresh successfully

2023-05-16 12:48:22 - [TEST_STEP][PASSED] - shopVersion = getText(findTestObject("Footer/shopVersion")): Text of object 'Object Repository/Footer/shopVersion' is: '(1.0.0.110)'

2023-05-16 12:48:25 - [MESSAGE][PASSED] - Text of object 'Object Repository/Footer/shopVersion' is: '(1.0.0.110)'

2023-05-16 12:48:26 - [TEST_STEP][PASSED] - println("Version of origin/test is: " + shopVersion): null

2023-05-16 12:48:26 - [TEST_STEP][PASSED] - click(findTestObject("Footer/divCountryLanguage")): Object: 'Object Repository/Footer/divCountryLanguage' is clicked on

2023-05-16 12:48:28 - [MESSAGE][PASSED] - Object: 'Object Repository/Footer/divCountryLanguage' is clicked on

2023-05-16 12:48:28 - [TEST_STEP][PASSED] - click(findTestObject("CountryLanguage/select_en-PT")): Object: 'Object Repository/CountryLanguage/select_en-PT' is clicked on

2023-05-16 12:48:30 - [MESSAGE][PASSED] - Object: 'Object Repository/CountryLanguage/select_en-PT' is clicked on

2023-05-16 12:48:30 - [TEST_STEP][PASSED] - click(findTestObject("Header/iconGuestProfile")): Object: 'Object Repository/Header/iconGuestProfile' is clicked on

2023-05-16 12:48:31 - [MESSAGE][PASSED] - Object: 'Object Repository/Header/iconGuestProfile' is clicked on

2023-05-16 12:48:31 - [TEST_STEP][PASSED] - setText(findTestObject("LoginPage/inputEmailLogin"), "smoketest@gmail.com"): Text 'smoketest@gmail.com' is set on object 'Object Repository/LoginPage/inputEmailLogin'

2023-05-16 12:48:32 - [MESSAGE][PASSED] - Text 'smoketest@gmail.com' is set on object 'Object Repository/LoginPage/inputEmailLogin'

2023-05-16 12:48:32 - [TEST_STEP][PASSED] - setText(findTestObject("LoginPage/inputPasswordLogin"), "SmokeTest123@"): Text 'SmokeTest123@' is set on object 'Object Repository/LoginPage/inputPasswordLogin'

2023-05-16 12:48:33 - [MESSAGE][PASSED] - Text 'SmokeTest123@' is set on object 'Object Repository/LoginPage/inputPasswordLogin'

2023-05-16 12:48:33 - [TEST_STEP][PASSED] - click(findTestObject("LoginPage/svgShowPasswordLogin")): Object: 'Object Repository/LoginPage/svgShowPasswordLogin' is clicked on

2023-05-16 12:48:34 - [MESSAGE][PASSED] - Object: 'Object Repository/LoginPage/svgShowPasswordLogin' is clicked on

2023-05-16 12:48:34 - [TEST_STEP][PASSED] - click(findTestObject("LoginPage/buttonSignIn")): Object: 'Object Repository/LoginPage/buttonSignIn' is clicked on

2023-05-16 12:48:34 - [MESSAGE][PASSED] - Object: 'Object Repository/LoginPage/buttonSignIn' is clicked on

2023-05-16 12:48:34 - [TEST_STEP][PASSED] - click(findTestObject("Header/iconUserProfile")): Object: 'Object Repository/Header/iconUserProfile' is clicked on

2023-05-16 12:48:39 - [MESSAGE][PASSED] - Object: 'Object Repository/Header/iconUserProfile' is clicked on

2023-05-16 12:48:39 - [TEST_STEP][PASSED] - click(findTestObject("Header/divAccountInformationBO")): Object: 'Object Repository/Header/divAccountInformationBO' is clicked on

2023-05-16 12:48:41 - [MESSAGE][PASSED] - Object: 'Object Repository/Header/divAccountInformationBO' is clicked on

2023-05-16 12:48:41 - [TEST_STEP][PASSED] - click(findTestObject("BackOffice/divPrivacyCommunicationPage")): Object: 'Object Repository/BackOffice/divPrivacyCommunicationPage' is clicked on

2023-05-16 12:48:42 - [MESSAGE][PASSED] - Object: 'Object Repository/BackOffice/divPrivacyCommunicationPage' is clicked on

2023-05-16 12:48:42 - [TEST_STEP][PASSED] - click(findTestObject("BackOffice/PrivacyAndCommunication/buttonUpdate")): Object: 'Object Repository/BackOffice/PrivacyAndCommunication/buttonUpdate' is clicked on

2023-05-16 12:48:43 - [MESSAGE][PASSED] - Object: 'Object Repository/BackOffice/PrivacyAndCommunication/buttonUpdate' is clicked on

2023-05-16 12:48:43 - [TEST_STEP][PASSED] - click(findTestObject("BackOffice/PrivacyAndCommunication/divLanguageDropdown")): Object: 'Object Repository/BackOffice/PrivacyAndCommunication/divLanguageDropdown' is clicked on

2023-05-16 12:48:44 - [MESSAGE][PASSED] - Object: 'Object Repository/BackOffice/PrivacyAndCommunication/divLanguageDropdown' is clicked on

2023-05-16 12:48:44 - [TEST_STEP][PASSED] - click(findTestObject("BackOffice/PrivacyAndCommunication/divFirstLanguageSelect")): Object: 'Object Repository/BackOffice/PrivacyAndCommunication/divFirstLanguageSelect' is clicked on

2023-05-16 12:48:44 - [MESSAGE][PASSED] - Object: 'Object Repository/BackOffice/PrivacyAndCommunication/divFirstLanguageSelect' is clicked on

2023-05-16 12:48:44 - [TEST_STEP][PASSED] - click(findTestObject("BackOffice/PrivacyAndCommunication/divTimeZoneDropdown")): Object: 'Object Repository/BackOffice/PrivacyAndCommunication/divTimeZoneDropdown' is clicked on

2023-05-16 12:48:45 - [MESSAGE][PASSED] - Object: 'Object Repository/BackOffice/PrivacyAndCommunication/divTimeZoneDropdown' is clicked on

2023-05-16 12:48:45 - [TEST_STEP][PASSED] - click(findTestObject("BackOffice/PrivacyAndCommunication/div2SelectTimeZone")): Object: 'Object Repository/BackOffice/PrivacyAndCommunication/div2SelectTimeZone' is clicked on

2023-05-16 12:48:48 - [MESSAGE][PASSED] - Object: 'Object Repository/BackOffice/PrivacyAndCommunication/div2SelectTimeZone' is clicked on

2023-05-16 12:48:48 - [TEST_STEP][PASSED] - click(findTestObject("BackOffice/PrivacyAndCommunication/buttonSwitch1")): Object: 'Object Repository/BackOffice/PrivacyAndCommunication/buttonSwitch1' is clicked on

2023-05-16 12:48:51 - [MESSAGE][PASSED] - Object: 'Object Repository/BackOffice/PrivacyAndCommunication/buttonSwitch1' is clicked on

2023-05-16 12:48:51 - [TEST_STEP][PASSED] - click(findTestObject("BackOffice/PrivacyAndCommunication/buttonSwitch2")): Object: 'Object Repository/BackOffice/PrivacyAndCommunication/buttonSwitch2' is clicked on

2023-05-16 12:48:54 - [MESSAGE][PASSED] - Object: 'Object Repository/BackOffice/PrivacyAndCommunication/buttonSwitch2' is clicked on

2023-05-16 12:48:54 - [TEST_STEP][PASSED] - click(findTestObject("BackOffice/PrivacyAndCommunication/buttonSaveChanges")): Object: 'Object Repository/BackOffice/PrivacyAndCommunication/buttonSaveChanges' is clicked on

2023-05-16 12:48:56 - [MESSAGE][PASSED] - Object: 'Object Repository/BackOffice/PrivacyAndCommunication/buttonSaveChanges' is clicked on

2023-05-16 12:48:56 - [TEST_STEP][PASSED] - verifyElementVisible(findTestObject("BackOffice/PrivacyAndCommunication/assertLanguageEnglish")): Object 'Object Repository/BackOffice/PrivacyAndCommunication/assertLanguageEnglish' is visible

2023-05-16 12:48:59 - [MESSAGE][PASSED] - Object 'Object Repository/BackOffice/PrivacyAndCommunication/assertLanguageEnglish' is visible

2023-05-16 12:48:59 - [TEST_STEP][PASSED] - verifyElementVisible(findTestObject("BackOffice/PrivacyAndCommunication/assertTimeZoneTitle")): Object 'Object Repository/BackOffice/PrivacyAndCommunication/assertTimeZoneTitle' is visible

2023-05-16 12:49:00 - [MESSAGE][PASSED] - Object 'Object Repository/BackOffice/PrivacyAndCommunication/assertTimeZoneTitle' is visible

2023-05-16 12:49:00 - [TEST_STEP][PASSED] - Start listener action : terminateRunningWebDrivers: null

2023-05-16 12:49:00 - [TEST_STEP][PASSED] - cleanup(): null

2023-05-16 12:49:02 - [TEST_STEP][PASSED] - Video: Video recording for test case 'Test Cases/IV Test Case (Privacy Communication)' .

2023-05-16 12:49:02 - [MESSAGE][INFO] - Video recording for test case 'Test Cases/IV Test Case (Privacy Communication)' .]]></system-out>
         <system-err><![CDATA[]]></system-err>
      </testcase>
      <system-out><![CDATA[2023-05-16 12:46:01 - [TEST_SUITE][FAILED] - BO - Smoke Test: Test Cases/II Test Case (View My Orders) FAILED.
Reason:
com.kms.katalon.core.exception.StepFailedException: Unable to open browser with url: ''
	at com.kms.katalon.core.webui.keyword.internal.WebUIKeywordMain.stepFailed(WebUIKeywordMain.groovy:64)
	at com.kms.katalon.core.webui.keyword.internal.WebUIKeywordMain.runKeyword(WebUIKeywordMain.groovy:26)
	at com.kms.katalon.core.webui.keyword.builtin.OpenBrowserKeyword.openBrowser(OpenBrowserKeyword.groovy:81)
	at com.kms.katalon.core.webui.keyword.builtin.OpenBrowserKeyword.execute(OpenBrowserKeyword.groovy:67)
	at com.kms.katalon.core.keyword.internal.KeywordExecutor.executeKeywordForPlatform(KeywordExecutor.groovy:74)
	at com.kms.katalon.core.webui.keyword.WebUiBuiltInKeywords.openBrowser(WebUiBuiltInKeywords.groovy:64)
	at com.kms.katalon.core.webui.keyword.WebUiBuiltInKeywords$openBrowser.call(Unknown Source)
	at II Test Case (View My Orders).run(II Test Case (View My Orders):20)
	at com.kms.katalon.core.main.ScriptEngine.run(ScriptEngine.java:194)
	at com.kms.katalon.core.main.ScriptEngine.runScriptAsRawText(ScriptEngine.java:119)
	at com.kms.katalon.core.main.TestCaseExecutor.runScript(TestCaseExecutor.java:448)
	at com.kms.katalon.core.main.TestCaseExecutor.doExecute(TestCaseExecutor.java:439)
	at com.kms.katalon.core.main.TestCaseExecutor.processExecutionPhase(TestCaseExecutor.java:418)
	at com.kms.katalon.core.main.TestCaseExecutor.accessMainPhase(TestCaseExecutor.java:410)
	at com.kms.katalon.core.main.TestCaseExecutor.execute(TestCaseExecutor.java:285)
	at com.kms.katalon.core.common.CommonExecutor.accessTestCaseMainPhase(CommonExecutor.java:65)
	at com.kms.katalon.core.main.TestSuiteExecutor.accessTestSuiteMainPhase(TestSuiteExecutor.java:151)
	at com.kms.katalon.core.main.TestSuiteExecutor.execute(TestSuiteExecutor.java:106)
	at com.kms.katalon.core.main.TestCaseMain.startTestSuite(TestCaseMain.java:185)
	at com.kms.katalon.core.main.TestCaseMain$startTestSuite$0.call(Unknown Source)
	at TempTestSuite1684233954363.run(TempTestSuite1684233954363.groovy:36)
Caused by: org.openqa.selenium.WebDriverException: java.net.ConnectException: Failed to connect to localhost/0:0:0:0:0:0:0:1:48982
Build info: version: '3.141.59', revision: 'e82be7d358', time: '2018-11-14T08:25:53'
System info: host: 'FINMX-L12', ip: '192.168.0.32', os.name: 'Windows 10', os.arch: 'amd64', os.version: '10.0', java.version: '1.8.0_282'
Driver info: driver.version: EventFiringWebDriver
	at org.openqa.selenium.remote.service.DriverCommandExecutor.execute(DriverCommandExecutor.java:92)
	at org.openqa.selenium.remote.RemoteWebDriver.execute(RemoteWebDriver.java:552)
	at com.kms.katalon.selenium.driver.CChromeDriver.execute(CChromeDriver.java:19)
	at org.openqa.selenium.remote.RemoteWebDriver.execute(RemoteWebDriver.java:609)
	at org.openqa.selenium.remote.RemoteWebDriver.quit(RemoteWebDriver.java:452)
	at org.openqa.selenium.support.events.EventFiringWebDriver.lambda$new$1(EventFiringWebDriver.java:105)
	at com.sun.proxy.$Proxy12.quit(Unknown Source)
	at org.openqa.selenium.support.events.EventFiringWebDriver.quit(EventFiringWebDriver.java:211)
	at com.kms.katalon.core.webui.driver.DriverFactory.closeWebDriver(DriverFactory.java:1501)
	at com.kms.katalon.core.webui.driver.DriverFactory.startNewBrowser(DriverFactory.java:343)
	at com.kms.katalon.core.webui.driver.DriverFactory.openWebDriver(DriverFactory.java:254)
	at com.kms.katalon.core.webui.keyword.builtin.OpenBrowserKeyword$_openBrowser_closure1.doCall(OpenBrowserKeyword.groovy:74)
	at com.kms.katalon.core.webui.keyword.builtin.OpenBrowserKeyword$_openBrowser_closure1.call(OpenBrowserKeyword.groovy)
	at com.kms.katalon.core.webui.keyword.internal.WebUIKeywordMain.runKeyword(WebUIKeywordMain.groovy:20)
	at com.kms.katalon.core.webui.keyword.builtin.OpenBrowserKeyword.openBrowser(OpenBrowserKeyword.groovy:81)
	at com.kms.katalon.core.webui.keyword.builtin.OpenBrowserKeyword.execute(OpenBrowserKeyword.groovy:67)
	at com.kms.katalon.core.keyword.internal.KeywordExecutor.executeKeywordForPlatform(KeywordExecutor.groovy:74)
	at com.kms.katalon.core.webui.keyword.WebUiBuiltInKeywords.openBrowser(WebUiBuiltInKeywords.groovy:64)
	at com.kms.katalon.core.webui.keyword.WebUiBuiltInKeywords$openBrowser.call(Unknown Source)
	at Script1682598283514.run(Script1682598283514.groovy:20)
	... 13 more
Caused by: java.net.ConnectException: Failed to connect to localhost/0:0:0:0:0:0:0:1:48982
	at okhttp3.internal.connection.RealConnection.connectSocket(RealConnection.java:247)
	at okhttp3.internal.connection.RealConnection.connect(RealConnection.java:165)
	at okhttp3.internal.connection.StreamAllocation.findConnection(StreamAllocation.java:257)
	at okhttp3.internal.connection.StreamAllocation.findHealthyConnection(StreamAllocation.java:135)
	at okhttp3.internal.connection.StreamAllocation.newStream(StreamAllocation.java:114)
	at okhttp3.internal.connection.ConnectInterceptor.intercept(ConnectInterceptor.java:42)
	at okhttp3.internal.http.RealInterceptorChain.proceed(RealInterceptorChain.java:147)
	at okhttp3.internal.http.RealInterceptorChain.proceed(RealInterceptorChain.java:121)
	at okhttp3.internal.cache.CacheInterceptor.intercept(CacheInterceptor.java:93)
	at okhttp3.internal.http.RealInterceptorChain.proceed(RealInterceptorChain.java:147)
	at okhttp3.internal.http.RealInterceptorChain.proceed(RealInterceptorChain.java:121)
	at okhttp3.internal.http.BridgeInterceptor.intercept(BridgeInterceptor.java:93)
	at okhttp3.internal.http.RealInterceptorChain.proceed(RealInterceptorChain.java:147)
	at okhttp3.internal.http.RetryAndFollowUpInterceptor.intercept(RetryAndFollowUpInterceptor.java:126)
	at okhttp3.internal.http.RealInterceptorChain.proceed(RealInterceptorChain.java:147)
	at okhttp3.internal.http.RealInterceptorChain.proceed(RealInterceptorChain.java:121)
	at okhttp3.RealCall.getResponseWithInterceptorChain(RealCall.java:200)
	at okhttp3.RealCall.execute(RealCall.java:77)
	at org.openqa.selenium.remote.internal.OkHttpClient.execute(OkHttpClient.java:103)
	at org.openqa.selenium.remote.HttpCommandExecutor.execute(HttpCommandExecutor.java:155)
	at org.openqa.selenium.remote.service.DriverCommandExecutor.execute(DriverCommandExecutor.java:83)
	... 32 more
Caused by: java.net.ConnectException: Connection refused: connect
	at okhttp3.internal.platform.Platform.connectSocket(Platform.java:129)
	at okhttp3.internal.connection.RealConnection.connectSocket(RealConnection.java:245)
	at okhttp3.internal.connection.RealConnection.connect(RealConnection.java:165)
	at okhttp3.internal.connection.StreamAllocation.findConnection(StreamAllocation.java:257)
	at okhttp3.internal.connection.StreamAllocation.findHealthyConnection(StreamAllocation.java:135)
	at okhttp3.internal.connection.StreamAllocation.newStream(StreamAllocation.java:114)
	at okhttp3.internal.connection.ConnectInterceptor.intercept(ConnectInterceptor.java:42)
	at okhttp3.internal.http.RealInterceptorChain.proceed(RealInterceptorChain.java:147)
	at okhttp3.internal.http.RealInterceptorChain.proceed(RealInterceptorChain.java:121)
	at okhttp3.internal.cache.CacheInterceptor.intercept(CacheInterceptor.java:93)
	at okhttp3.internal.http.RealInterceptorChain.proceed(RealInterceptorChain.java:147)
	at okhttp3.internal.http.RealInterceptorChain.proceed(RealInterceptorChain.java:121)
	at okhttp3.internal.http.BridgeInterceptor.intercept(BridgeInterceptor.java:93)
	at okhttp3.internal.http.RealInterceptorChain.proceed(RealInterceptorChain.java:147)
	at okhttp3.internal.http.RetryAndFollowUpInterceptor.intercept(RetryAndFollowUpInterceptor.java:126)
	at okhttp3.internal.http.RealInterceptorChain.proceed(RealInterceptorChain.java:147)
	at okhttp3.internal.http.RealInterceptorChain.proceed(RealInterceptorChain.java:121)
	at okhttp3.RealCall.getResponseWithInterceptorChain(RealCall.java:200)
	at okhttp3.RealCall.execute(RealCall.java:77)
	at org.openqa.selenium.remote.internal.OkHttpClient.execute(OkHttpClient.java:103)
	at org.openqa.selenium.remote.HttpCommandExecutor.execute(HttpCommandExecutor.java:155)
	at org.openqa.selenium.remote.service.DriverCommandExecutor.execute(DriverCommandExecutor.java:83)
	at org.openqa.selenium.remote.RemoteWebDriver.execute(RemoteWebDriver.java:552)
	at com.kms.katalon.selenium.driver.CChromeDriver.execute(CChromeDriver.java:19)
	at org.openqa.selenium.remote.RemoteWebDriver.execute(RemoteWebDriver.java:609)
	at org.openqa.selenium.remote.RemoteWebDriver.quit(RemoteWebDriver.java:452)
	at org.openqa.selenium.support.events.EventFiringWebDriver.lambda$new$1(EventFiringWebDriver.java:105)
	at com.sun.proxy.$Proxy12.quit(Unknown Source)
	at org.openqa.selenium.support.events.EventFiringWebDriver.quit(EventFiringWebDriver.java:211)
	at com.kms.katalon.core.webui.driver.DriverFactory.closeWebDriver(DriverFactory.java:1501)
	at com.kms.katalon.core.webui.driver.DriverFactory.startNewBrowser(DriverFactory.java:343)
	at com.kms.katalon.core.webui.driver.DriverFactory.openWebDriver(DriverFactory.java:254)
	at com.kms.katalon.core.webui.keyword.builtin.OpenBrowserKeyword$_openBrowser_closure1.doCall(OpenBrowserKeyword.groovy:74)
	at com.kms.katalon.core.webui.keyword.builtin.OpenBrowserKeyword$_openBrowser_closure1.call(OpenBrowserKeyword.groovy)
	at com.kms.katalon.core.webui.keyword.internal.WebUIKeywordMain.runKeyword(WebUIKeywordMain.groovy:20)
	at com.kms.katalon.core.webui.keyword.builtin.OpenBrowserKeyword.openBrowser(OpenBrowserKeyword.groovy:81)
	at com.kms.katalon.core.webui.keyword.builtin.OpenBrowserKeyword.execute(OpenBrowserKeyword.groovy:67)
	at com.kms.katalon.core.keyword.internal.KeywordExecutor.executeKeywordForPlatform(KeywordExecutor.groovy:74)
	at com.kms.katalon.core.webui.keyword.WebUiBuiltInKeywords.openBrowser(WebUiBuiltInKeywords.groovy:64)
	at com.kms.katalon.core.webui.keyword.WebUiBuiltInKeywords$openBrowser.call(Unknown Source)
	at II Test Case (View My Orders).run(II Test Case (View My Orders):20)
	... 13 more]]></system-out>
      <system-err><![CDATA[2023-05-16 12:46:01 - [TEST_SUITE][FAILED] - BO - Smoke Test: Test Cases/II Test Case (View My Orders) FAILED.
Reason:
com.kms.katalon.core.exception.StepFailedException: Unable to open browser with url: ''
	at com.kms.katalon.core.webui.keyword.internal.WebUIKeywordMain.stepFailed(WebUIKeywordMain.groovy:64)
	at com.kms.katalon.core.webui.keyword.internal.WebUIKeywordMain.runKeyword(WebUIKeywordMain.groovy:26)
	at com.kms.katalon.core.webui.keyword.builtin.OpenBrowserKeyword.openBrowser(OpenBrowserKeyword.groovy:81)
	at com.kms.katalon.core.webui.keyword.builtin.OpenBrowserKeyword.execute(OpenBrowserKeyword.groovy:67)
	at com.kms.katalon.core.keyword.internal.KeywordExecutor.executeKeywordForPlatform(KeywordExecutor.groovy:74)
	at com.kms.katalon.core.webui.keyword.WebUiBuiltInKeywords.openBrowser(WebUiBuiltInKeywords.groovy:64)
	at com.kms.katalon.core.webui.keyword.WebUiBuiltInKeywords$openBrowser.call(Unknown Source)
	at II Test Case (View My Orders).run(II Test Case (View My Orders):20)
	at com.kms.katalon.core.main.ScriptEngine.run(ScriptEngine.java:194)
	at com.kms.katalon.core.main.ScriptEngine.runScriptAsRawText(ScriptEngine.java:119)
	at com.kms.katalon.core.main.TestCaseExecutor.runScript(TestCaseExecutor.java:448)
	at com.kms.katalon.core.main.TestCaseExecutor.doExecute(TestCaseExecutor.java:439)
	at com.kms.katalon.core.main.TestCaseExecutor.processExecutionPhase(TestCaseExecutor.java:418)
	at com.kms.katalon.core.main.TestCaseExecutor.accessMainPhase(TestCaseExecutor.java:410)
	at com.kms.katalon.core.main.TestCaseExecutor.execute(TestCaseExecutor.java:285)
	at com.kms.katalon.core.common.CommonExecutor.accessTestCaseMainPhase(CommonExecutor.java:65)
	at com.kms.katalon.core.main.TestSuiteExecutor.accessTestSuiteMainPhase(TestSuiteExecutor.java:151)
	at com.kms.katalon.core.main.TestSuiteExecutor.execute(TestSuiteExecutor.java:106)
	at com.kms.katalon.core.main.TestCaseMain.startTestSuite(TestCaseMain.java:185)
	at com.kms.katalon.core.main.TestCaseMain$startTestSuite$0.call(Unknown Source)
	at TempTestSuite1684233954363.run(TempTestSuite1684233954363.groovy:36)
Caused by: org.openqa.selenium.WebDriverException: java.net.ConnectException: Failed to connect to localhost/0:0:0:0:0:0:0:1:48982
Build info: version: '3.141.59', revision: 'e82be7d358', time: '2018-11-14T08:25:53'
System info: host: 'FINMX-L12', ip: '192.168.0.32', os.name: 'Windows 10', os.arch: 'amd64', os.version: '10.0', java.version: '1.8.0_282'
Driver info: driver.version: EventFiringWebDriver
	at org.openqa.selenium.remote.service.DriverCommandExecutor.execute(DriverCommandExecutor.java:92)
	at org.openqa.selenium.remote.RemoteWebDriver.execute(RemoteWebDriver.java:552)
	at com.kms.katalon.selenium.driver.CChromeDriver.execute(CChromeDriver.java:19)
	at org.openqa.selenium.remote.RemoteWebDriver.execute(RemoteWebDriver.java:609)
	at org.openqa.selenium.remote.RemoteWebDriver.quit(RemoteWebDriver.java:452)
	at org.openqa.selenium.support.events.EventFiringWebDriver.lambda$new$1(EventFiringWebDriver.java:105)
	at com.sun.proxy.$Proxy12.quit(Unknown Source)
	at org.openqa.selenium.support.events.EventFiringWebDriver.quit(EventFiringWebDriver.java:211)
	at com.kms.katalon.core.webui.driver.DriverFactory.closeWebDriver(DriverFactory.java:1501)
	at com.kms.katalon.core.webui.driver.DriverFactory.startNewBrowser(DriverFactory.java:343)
	at com.kms.katalon.core.webui.driver.DriverFactory.openWebDriver(DriverFactory.java:254)
	at com.kms.katalon.core.webui.keyword.builtin.OpenBrowserKeyword$_openBrowser_closure1.doCall(OpenBrowserKeyword.groovy:74)
	at com.kms.katalon.core.webui.keyword.builtin.OpenBrowserKeyword$_openBrowser_closure1.call(OpenBrowserKeyword.groovy)
	at com.kms.katalon.core.webui.keyword.internal.WebUIKeywordMain.runKeyword(WebUIKeywordMain.groovy:20)
	at com.kms.katalon.core.webui.keyword.builtin.OpenBrowserKeyword.openBrowser(OpenBrowserKeyword.groovy:81)
	at com.kms.katalon.core.webui.keyword.builtin.OpenBrowserKeyword.execute(OpenBrowserKeyword.groovy:67)
	at com.kms.katalon.core.keyword.internal.KeywordExecutor.executeKeywordForPlatform(KeywordExecutor.groovy:74)
	at com.kms.katalon.core.webui.keyword.WebUiBuiltInKeywords.openBrowser(WebUiBuiltInKeywords.groovy:64)
	at com.kms.katalon.core.webui.keyword.WebUiBuiltInKeywords$openBrowser.call(Unknown Source)
	at Script1682598283514.run(Script1682598283514.groovy:20)
	... 13 more
Caused by: java.net.ConnectException: Failed to connect to localhost/0:0:0:0:0:0:0:1:48982
	at okhttp3.internal.connection.RealConnection.connectSocket(RealConnection.java:247)
	at okhttp3.internal.connection.RealConnection.connect(RealConnection.java:165)
	at okhttp3.internal.connection.StreamAllocation.findConnection(StreamAllocation.java:257)
	at okhttp3.internal.connection.StreamAllocation.findHealthyConnection(StreamAllocation.java:135)
	at okhttp3.internal.connection.StreamAllocation.newStream(StreamAllocation.java:114)
	at okhttp3.internal.connection.ConnectInterceptor.intercept(ConnectInterceptor.java:42)
	at okhttp3.internal.http.RealInterceptorChain.proceed(RealInterceptorChain.java:147)
	at okhttp3.internal.http.RealInterceptorChain.proceed(RealInterceptorChain.java:121)
	at okhttp3.internal.cache.CacheInterceptor.intercept(CacheInterceptor.java:93)
	at okhttp3.internal.http.RealInterceptorChain.proceed(RealInterceptorChain.java:147)
	at okhttp3.internal.http.RealInterceptorChain.proceed(RealInterceptorChain.java:121)
	at okhttp3.internal.http.BridgeInterceptor.intercept(BridgeInterceptor.java:93)
	at okhttp3.internal.http.RealInterceptorChain.proceed(RealInterceptorChain.java:147)
	at okhttp3.internal.http.RetryAndFollowUpInterceptor.intercept(RetryAndFollowUpInterceptor.java:126)
	at okhttp3.internal.http.RealInterceptorChain.proceed(RealInterceptorChain.java:147)
	at okhttp3.internal.http.RealInterceptorChain.proceed(RealInterceptorChain.java:121)
	at okhttp3.RealCall.getResponseWithInterceptorChain(RealCall.java:200)
	at okhttp3.RealCall.execute(RealCall.java:77)
	at org.openqa.selenium.remote.internal.OkHttpClient.execute(OkHttpClient.java:103)
	at org.openqa.selenium.remote.HttpCommandExecutor.execute(HttpCommandExecutor.java:155)
	at org.openqa.selenium.remote.service.DriverCommandExecutor.execute(DriverCommandExecutor.java:83)
	... 32 more
Caused by: java.net.ConnectException: Connection refused: connect
	at okhttp3.internal.platform.Platform.connectSocket(Platform.java:129)
	at okhttp3.internal.connection.RealConnection.connectSocket(RealConnection.java:245)
	at okhttp3.internal.connection.RealConnection.connect(RealConnection.java:165)
	at okhttp3.internal.connection.StreamAllocation.findConnection(StreamAllocation.java:257)
	at okhttp3.internal.connection.StreamAllocation.findHealthyConnection(StreamAllocation.java:135)
	at okhttp3.internal.connection.StreamAllocation.newStream(StreamAllocation.java:114)
	at okhttp3.internal.connection.ConnectInterceptor.intercept(ConnectInterceptor.java:42)
	at okhttp3.internal.http.RealInterceptorChain.proceed(RealInterceptorChain.java:147)
	at okhttp3.internal.http.RealInterceptorChain.proceed(RealInterceptorChain.java:121)
	at okhttp3.internal.cache.CacheInterceptor.intercept(CacheInterceptor.java:93)
	at okhttp3.internal.http.RealInterceptorChain.proceed(RealInterceptorChain.java:147)
	at okhttp3.internal.http.RealInterceptorChain.proceed(RealInterceptorChain.java:121)
	at okhttp3.internal.http.BridgeInterceptor.intercept(BridgeInterceptor.java:93)
	at okhttp3.internal.http.RealInterceptorChain.proceed(RealInterceptorChain.java:147)
	at okhttp3.internal.http.RetryAndFollowUpInterceptor.intercept(RetryAndFollowUpInterceptor.java:126)
	at okhttp3.internal.http.RealInterceptorChain.proceed(RealInterceptorChain.java:147)
	at okhttp3.internal.http.RealInterceptorChain.proceed(RealInterceptorChain.java:121)
	at okhttp3.RealCall.getResponseWithInterceptorChain(RealCall.java:200)
	at okhttp3.RealCall.execute(RealCall.java:77)
	at org.openqa.selenium.remote.internal.OkHttpClient.execute(OkHttpClient.java:103)
	at org.openqa.selenium.remote.HttpCommandExecutor.execute(HttpCommandExecutor.java:155)
	at org.openqa.selenium.remote.service.DriverCommandExecutor.execute(DriverCommandExecutor.java:83)
	at org.openqa.selenium.remote.RemoteWebDriver.execute(RemoteWebDriver.java:552)
	at com.kms.katalon.selenium.driver.CChromeDriver.execute(CChromeDriver.java:19)
	at org.openqa.selenium.remote.RemoteWebDriver.execute(RemoteWebDriver.java:609)
	at org.openqa.selenium.remote.RemoteWebDriver.quit(RemoteWebDriver.java:452)
	at org.openqa.selenium.support.events.EventFiringWebDriver.lambda$new$1(EventFiringWebDriver.java:105)
	at com.sun.proxy.$Proxy12.quit(Unknown Source)
	at org.openqa.selenium.support.events.EventFiringWebDriver.quit(EventFiringWebDriver.java:211)
	at com.kms.katalon.core.webui.driver.DriverFactory.closeWebDriver(DriverFactory.java:1501)
	at com.kms.katalon.core.webui.driver.DriverFactory.startNewBrowser(DriverFactory.java:343)
	at com.kms.katalon.core.webui.driver.DriverFactory.openWebDriver(DriverFactory.java:254)
	at com.kms.katalon.core.webui.keyword.builtin.OpenBrowserKeyword$_openBrowser_closure1.doCall(OpenBrowserKeyword.groovy:74)
	at com.kms.katalon.core.webui.keyword.builtin.OpenBrowserKeyword$_openBrowser_closure1.call(OpenBrowserKeyword.groovy)
	at com.kms.katalon.core.webui.keyword.internal.WebUIKeywordMain.runKeyword(WebUIKeywordMain.groovy:20)
	at com.kms.katalon.core.webui.keyword.builtin.OpenBrowserKeyword.openBrowser(OpenBrowserKeyword.groovy:81)
	at com.kms.katalon.core.webui.keyword.builtin.OpenBrowserKeyword.execute(OpenBrowserKeyword.groovy:67)
	at com.kms.katalon.core.keyword.internal.KeywordExecutor.executeKeywordForPlatform(KeywordExecutor.groovy:74)
	at com.kms.katalon.core.webui.keyword.WebUiBuiltInKeywords.openBrowser(WebUiBuiltInKeywords.groovy:64)
	at com.kms.katalon.core.webui.keyword.WebUiBuiltInKeywords$openBrowser.call(Unknown Source)
	at II Test Case (View My Orders).run(II Test Case (View My Orders):20)
	... 13 more]]></system-err>
   </testsuite>
</testsuites>
